desc: I1 cache:         32768 B, 64 B, 4-way associative
desc: D1 cache:         32768 B, 64 B, 8-way associative
desc: LL cache:         12582912 B, 64 B, 24-way associative
cmd: ./column_major_hadamard 1
events: Ir I1mr ILmr Dr D1mr DLmr Dw D1mw DLmw 
fl=/usr/src/debug/glibc-2.28-251.el8_10.2.x86_64/elf/../elf/dl-sysdep.c
fn=_dl_sysdep_start
88 9 1 1 0 0 0 6 0 0
89 2 0 0 0 0 0 0 0 0
90 2 0 0 1 0 0 0 0 0
112 1 0 0 0 0 0 1 0 0
113 330 1 1 108 14 14 4 2 2
116 2 0 0 0 0 0 1 1 1
117 1 0 0 0 0 0 1 1 1
119 138 6 6 37 4 4 19 0 0
120 112 0 0 17 3 3 0 0 0
123 1 1 1 1 1 1 0 0 0
124 1 0 0 0 0 0 0 0 0
126 1 0 0 1 0 0 0 0 0
127 1 0 0 0 0 0 0 0 0
129 1 0 0 1 0 0 0 0 0
130 2 0 0 0 0 0 0 0 0
132 1 0 0 1 0 0 0 0 0
133 2 0 0 0 0 0 0 0 0
153 1 1 1 1 0 0 0 0 0
154 2 0 0 0 0 0 0 0 0
156 1 0 0 1 0 0 0 0 0
157 2 0 0 0 0 0 0 0 0
159 2 1 1 1 0 0 1 0 0
160 2 1 1 0 0 0 1 0 0
165 2 0 0 1 0 0 1 0 0
166 2 0 0 0 0 0 1 0 0
181 2 0 0 1 0 0 1 0 0
182 2 0 0 0 0 0 1 0 0
224 1 0 0 0 0 0 1 1 1
227 1 0 0 0 0 0 1 0 0
238 3 1 1 1 0 0 0 0 0
239 2 0 0 0 0 0 2 0 0
241 5 0 0 0 0 0 1 0 0
253 3 0 0 1 0 0 0 0 0
256 5 1 1 1 0 0 1 0 0
258 9 1 0 8 2 0 0 0 0
fn=_dl_sysdep_start_cleanup
262 1 1 1 0 0 0 0 0 0
263 1 0 0 1 0 0 0 0 0
fl=/usr/src/debug/glibc-2.28-251.el8_10.2.x86_64/elf/../elf/dl-tls.c
fn=_dl_add_to_slotinfo
1018 8 1 1 0 0 0 4 0 0
1024 1 0 0 1 0 0 0 0 0
1027 1 0 0 1 1 0 0 0 0
1028 1 0 0 0 0 0 0 0 0
1032 3 0 0 1 0 0 0 0 0
1066 2 1 1 0 0 0 0 0 0
1069 3 0 0 0 0 0 1 1 0
1070 3 0 0 1 0 0 1 0 0
1073 6 0 0 5 0 0 0 0 0
fn=_dl_allocate_tls_init
524 10 1 1 0 0 0 8 0 0
525 2 0 0 0 0 0 0 0 0
529 3 0 0 1 0 0 1 0 0
531 2 0 0 0 0 0 0 0 0
532 1 0 0 0 0 0 0 0 0
535 2 0 0 1 0 0 1 0 0
538 3 1 1 2 1 0 0 0 0
550 1 0 0 1 0 0 0 0 0
555 10 0 0 2 1 0 0 0 0
561 4 0 0 0 0 0 0 0 0
564 3 1 1 1 0 0 0 0 0
565 2 0 0 0 0 0 0 0 0
571 3 0 0 2 0 0 0 0 0
572 2 1 1 0 0 0 0 0 0
574 5 0 0 2 0 0 1 0 0
575 1 0 0 0 0 0 1 0 0
577 2 0 0 0 0 0 0 0 0
578 2 0 0 1 0 0 0 0 0
581 2 0 0 0 0 0 0 0 0
582 4 1 1 2 1 0 0 0 0
584 2 0 0 0 0 0 0 0 0
585 3 0 0 1 0 0 0 0 0
594 1 0 0 0 0 0 1 0 0
602 2 0 0 1 0 0 0 0 0
604 9 1 1 2 0 0 2 0 0
616 2 1 1 1 0 0 1 0 0
619 2 0 0 1 0 0 1 0 0
622 9 1 1 8 0 0 0 0 0
fn=_dl_allocate_tls_storage
418 5 1 1 0 0 0 3 0 0
420 1 1 1 1 0 0 0 0 0
431 1 0 0 1 0 0 0 0 0
432 1 0 0 0 0 0 0 0 0
433 3 0 0 0 0 0 0 0 0
441 4 0 0 0 0 0 0 0 0
442 1 0 0 0 0 0 0 0 0
446 297 1 1 0 0 0 289 36 36
465 1 0 0 0 0 0 1 1 1
467 2 0 0 0 0 0 1 0 0
468 2 0 0 0 0 0 0 0 0
471 5 1 1 4 0 0 0 0 0
fn=_dl_assign_tls_modid
127 2 1 1 0 0 0 0 0 0
130 3 0 0 2 0 0 0 0 0
183 1 0 0 0 0 0 0 0 0
185 1 0 0 0 0 0 1 0 0
188 1 0 0 0 0 0 1 0 0
189 2 0 0 1 0 0 0 0 0
fn=_dl_count_modids
194 1 1 1 0 0 0 0 0 0
196 2 0 0 1 0 0 0 0 0
197 2 1 1 2 0 0 0 0 0
fn=_dl_determine_tlsoffset
218 6 1 1 0 0 0 4 0 0
219 2 0 0 0 0 0 0 0 0
220 1 0 0 0 0 0 0 0 0
221 1 0 0 0 0 0 0 0 0
224 3 0 0 1 0 0 0 0 0
227 2 1 1 1 0 0 0 0 0
261 1 0 0 0 0 0 0 0 0
263 10 0 0 2 0 0 0 0 0
265 2 0 0 1 0 0 0 0 0
267 3 0 0 1 0 0 0 0 0
268 2 1 1 1 0 0 0 0 0
270 2 0 0 0 0 0 0 0 0
272 5 0 0 1 0 0 0 0 0
288 8 0 0 0 0 0 0 0 0
290 2 0 0 0 0 0 0 0 0
291 2 1 1 0 0 0 0 0 0
300 1 0 0 0 0 0 1 0 0
303 1 1 1 0 0 0 1 0 0
304 6 1 1 1 0 0 0 0 0
306 2 0 0 0 0 0 1 0 0
356 1 0 0 0 0 0 1 0 0
357 6 0 0 5 0 0 0 0 0
fn=_dl_tls_static_surplus_init
79 3 0 0 0 0 0 0 0 0
93 6 1 1 0 0 0 3 0 0
97 6 0 0 1 0 0 1 0 0
98 7 1 1 1 0 0 1 0 0
104 1 0 0 0 0 0 0 0 0
106 3 0 0 0 0 0 0 0 0
109 1 0 0 0 0 0 0 0 0
111 1 0 0 0 0 0 1 0 0
113 3 0 0 0 0 0 1 0 0
114 5 0 0 4 0 0 0 0 0
fn=allocate_dtv
362 4 1 1 0 0 0 2 0 0
367 1 0 0 1 0 0 0 0 0
371 1 0 0 0 0 0 0 0 0
372 1 0 0 0 0 0 0 0 0
373 2 0 0 0 0 0 0 0 0
376 1 0 0 0 0 0 1 1 1
382 3 0 0 0 0 0 1 0 0
388 4 0 0 3 0 0 0 0 0
fl=/usr/src/debug/glibc-2.28-251.el8_10.2.x86_64/elf/../include/rtld-malloc.h
fn=_dl_allocate_tls_storage
56 1 0 0 1 0 0 1 0 0
fn=_dl_check_map_versions
44 8 0 0 4 0 0 4 0 0
fn=_dl_important_hwcaps
56 4 0 0 2 0 0 3 0 0
fn=_dl_init_paths
56 4 1 1 3 0 0 3 0 0
fn=_dl_map_object_deps
56 8 0 0 4 0 0 4 0 0
fn=_dl_new_object
44 16 1 1 4 0 0 8 0 0
56 9 1 1 3 0 0 3 0 0
fn=allocate_dtv
44 2 0 0 1 0 0 1 0 0
fn=decompose_rpath.isra.7
50 2 0 0 1 0 0 1 0 0
56 2 1 1 1 0 0 1 0 0
fn=fillin_rpath
50 6 0 0 2 0 0 2 0 0
56 2 0 0 1 0 0 1 0 0
fn=init_tls
44 2 0 0 1 0 0 1 0 0
fn=open_verify.constprop.9
50 9 1 1 3 0 0 3 0 0
fn=rtld_calloc
56 10 0 0 10 0 0 0 0 0
fl=/usr/src/debug/glibc-2.28-251.el8_10.2.x86_64/elf/../include/scratch_buffer.h
fn=_dl_map_object_deps
77 4 0 0 0 0 0 2 0 0
78 1 0 0 0 0 0 1 1 1
85 5 2 2 2 0 0 0 0 0
131 9 0 0 3 0 0 3 0 0
fl=/usr/src/debug/glibc-2.28-251.el8_10.2.x86_64/elf/../misc/sbrk.c
fn=sbrk
32 5 1 1 0 0 0 2 0 0
40 6 0 0 2 1 1 0 0 0
44 2 0 0 0 0 0 0 0 0
60 5 1 1 3 0 0 0 0 0
fl=/usr/src/debug/glibc-2.28-251.el8_10.2.x86_64/elf/../sysdeps/generic/dl-cache.h
fn=_dl_load_cache_lookup
185 5 1 1 0 0 0 0 0 0
fn=search_cache
116 10 0 0 0 0 0 0 0 0
fl=/usr/src/debug/glibc-2.28-251.el8_10.2.x86_64/elf/../sysdeps/generic/dl-hash.h
fn=__rtld_malloc_init_real
43 1 0 0 0 0 0 0 0 0
44 1 0 0 0 0 0 0 0 0
45 28 0 0 5 1 1 0 0 0
48 18 0 0 0 0 0 0 0 0
62 24 0 0 0 0 0 0 0 0
67 1 1 1 0 0 0 0 0 0
72 1 0 0 0 0 0 1 0 0
fl=/usr/src/debug/glibc-2.28-251.el8_10.2.x86_64/elf/../sysdeps/generic/ldsodefs.h
fn=_dl_relocate_object
126 369 0 0 123 0 0 0 0 0
fn=do_lookup_x
126 348 1 1 116 0 0 0 0 0
fl=/usr/src/debug/glibc-2.28-251.el8_10.2.x86_64/elf/../sysdeps/posix/dl-fileid.h
fn=_dl_map_object_from_fd
35 18 0 0 0 0 0 3 0 0
38 3 0 0 3 0 0 0 0 0
39 6 0 0 3 1 1 3 0 0
47 24 1 1 12 1 1 0 0 0
fl=/usr/src/debug/glibc-2.28-251.el8_10.2.x86_64/elf/../sysdeps/unix/sysv/linux/dl-osinfo.h
fn=dl_main
64 2 1 1 1 0 0 0 0 0
77 1 0 0 1 0 0 0 0 0
fl=/usr/src/debug/glibc-2.28-251.el8_10.2.x86_64/elf/../sysdeps/unix/sysv/linux/dl-sysdep.c
fn=_dl_discover_osversion
46 5 1 1 0 0 0 3 0 0
48 3 0 0 1 0 0 0 0 0
88 5 1 1 0 0 0 1 1 1
103 1 0 0 0 0 0 0 0 0
107 1 1 1 0 0 0 0 0 0
108 1 0 0 0 0 0 0 0 0
110 12 0 0 3 1 1 0 0 0
112 6 0 0 0 0 0 0 0 0
114 16 0 0 4 0 0 0 0 0
116 1 0 0 0 0 0 0 0 0
117 2 0 0 0 0 0 0 0 0
120 3 0 0 0 0 0 0 0 0
121 3 0 0 0 0 0 0 0 0
122 3 0 0 0 0 0 0 0 0
124 13 1 1 0 0 0 0 0 0
129 2 0 0 0 0 0 0 0 0
133 5 0 0 4 0 0 0 0 0
fn=_dl_sysdep_start
36 2 0 0 0 0 0 1 0 0
fl=/usr/src/debug/glibc-2.28-251.el8_10.2.x86_64/elf/../sysdeps/unix/sysv/linux/x86/cpu-features.c
fn=init_cpu_features.constprop.0
28 6 0 0 0 0 0 0 0 0
fl=/usr/src/debug/glibc-2.28-251.el8_10.2.x86_64/elf/../sysdeps/unix/sysv/linux/x86_64/brk.c
fn=brk
28 1 1 1 0 0 0 0 0 0
31 5 1 1 0 0 0 1 1 1
33 2 0 0 0 0 0 0 0 0
39 1 0 0 0 0 0 0 0 0
40 1 0 0 1 0 0 0 0 0
fl=/usr/src/debug/glibc-2.28-251.el8_10.2.x86_64/elf/../sysdeps/x86/cpu-features.c
fn=get_common_indices.constprop.1
321 3 1 1 0 0 0 1 0 0
328 5 0 0 0 0 0 3 1 1
332 1 0 0 0 0 0 1 0 0
333 4 0 0 0 0 0 1 0 0
334 4 1 1 0 0 0 1 0 0
335 4 0 0 0 0 0 1 0 0
336 3 0 0 0 0 0 1 0 0
337 2 0 0 1 0 0 0 0 0
344 2 0 0 1 0 0 0 0 0
346 9 1 1 0 0 0 4 0 0
351 8 1 1 0 0 0 4 2 2
358 2 0 0 1 0 0 0 0 0
371 2 1 1 2 0 0 0 0 0
fn=init_cpu_features.constprop.0
299 4 0 0 0 0 0 0 0 0
300 2 0 0 0 0 0 0 0 0
301 6 1 1 0 0 0 4 1 1
306 2 0 0 0 0 0 0 0 0
307 6 0 0 0 0 0 4 0 0
312 2 0 0 0 0 0 0 0 0
313 6 1 1 0 0 0 4 0 0
386 3 1 1 0 0 0 2 0 0
389 1 0 0 0 0 0 1 0 0
390 1 0 0 0 0 0 1 0 0
391 2 0 0 0 0 0 1 0 0
402 2 0 0 0 0 0 1 0 0
405 6 1 1 0 0 0 0 0 0
409 2 0 0 0 0 0 0 0 0
411 6 1 1 0 0 0 1 0 0
416 1 0 0 0 0 0 1 0 0
418 3 0 0 1 0 0 0 0 0
420 3 1 1 2 0 0 1 0 0
421 8 1 1 2 1 1 0 0 0
490 1 0 0 1 0 0 0 0 0
500 5 0 0 0 0 0 0 0 0
523 2 0 0 1 0 0 0 0 0
525 1 1 1 1 0 0 0 0 0
530 2 1 1 1 0 0 0 0 0
532 1 0 0 1 0 0 0 0 0
536 3 0 0 1 0 0 0 0 0
544 2 0 0 0 0 0 0 0 0
648 3 1 1 1 0 0 0 0 0
649 1 0 0 1 0 0 0 0 0
652 2 0 0 0 0 0 0 0 0
653 1 0 0 1 0 0 0 0 0
659 1 0 0 0 0 0 1 0 0
660 1 0 0 0 0 0 1 0 0
661 1 0 0 0 0 0 1 0 0
662 1 0 0 0 0 0 1 0 0
665 4 1 1 0 0 0 1 0 0
667 6 0 0 1 0 0 2 1 1
669 6 1 1 1 0 0 2 0 0
671 6 0 0 1 0 0 2 0 0
673 6 0 0 1 0 0 2 0 0
675 6 1 1 1 0 0 2 0 0
679 3 0 0 1 0 0 0 0 0
682 1 1 1 0 0 0 0 0 0
686 1 1 1 1 0 0 0 0 0
691 1 0 0 0 0 0 0 0 0
696 1 1 1 0 0 0 1 0 0
705 2 1 1 0 0 0 1 0 0
716 2 0 0 1 0 0 0 0 0
722 1 0 0 1 0 0 0 0 0
726 1 0 0 1 0 0 0 0 0
728 1 0 0 1 0 0 0 0 0
740 1 0 0 0 0 0 1 0 0
741 2 0 0 1 0 0 0 0 0
745 3 1 1 1 0 0 0 0 0
762 2 1 1 0 0 0 0 0 0
785 2 0 0 1 0 0 0 0 0
786 3 0 0 2 0 0 0 0 0
790 4 1 1 0 0 0 1 0 0
792 4 0 0 0 0 0 1 0 0
842 4 1 1 3 0 0 0 0 0
fn=update_usable.constprop.2
50 7 1 1 0 0 0 6 1 1
54 1 0 0 1 0 0 0 0 0
62 3 0 0 1 0 0 0 0 0
63 3 1 1 0 0 0 0 0 0
72 3 0 0 2 0 0 0 0 0
73 1 0 0 1 0 0 0 0 0
81 4 1 1 1 0 0 1 0 0
82 1 0 0 1 0 0 0 0 0
83 3 0 0 0 0 0 1 1 1
87 4 0 0 0 0 0 1 0 0
90 4 0 0 1 0 0 1 0 0
91 1 0 0 1 0 0 0 0 0
94 4 0 0 1 0 0 1 0 0
95 1 0 0 1 0 0 0 0 0
99 4 1 1 1 0 0 1 0 0
100 3 0 0 2 0 0 0 0 0
101 3 0 0 2 0 0 0 0 0
102 1 0 0 1 0 0 0 0 0
104 4 1 1 1 0 0 1 0 0
107 2 0 0 0 0 0 0 0 0
283 3 1 1 1 0 0 0 0 0
287 3 1 1 1 0 0 0 0 0
293 8 1 1 7 0 0 0 0 0
fl=/usr/src/debug/glibc-2.28-251.el8_10.2.x86_64/elf/../sysdeps/x86/dl-cet.c
fn=_dl_cet_check
245 1 1 1 0 0 0 0 0 0
246 1 0 0 0 0 0 0 0 0
fn=dl_cet_check
39 7 1 1 0 0 0 6 0 0
41 2 0 0 0 0 0 0 0 0
42 1 0 0 1 0 0 0 0 0
44 1 0 0 0 0 0 0 0 0
45 1 0 0 0 0 0 0 0 0
48 4 1 1 0 0 0 0 0 0
49 2 0 0 0 0 0 0 0 0
54 1 0 0 1 0 0 0 0 0
59 2 0 0 0 0 0 0 0 0
228 8 1 1 7 0 0 0 0 0
fl=/usr/src/debug/glibc-2.28-251.el8_10.2.x86_64/elf/../sysdeps/x86/dl-get-cpu-features.c
fn=__x86_cpu_features
38 3 0 0 1 0 0 0 0 0
42 3 2 1 1 0 0 0 0 0
fn=_dl_x86_init_cpu_features
36 1 1 1 0 0 0 0 0 0
38 3 0 0 1 0 0 0 0 0
39 1 0 0 0 0 0 0 0 0
fl=/usr/src/debug/glibc-2.28-251.el8_10.2.x86_64/elf/../sysdeps/x86/dl-hwcap.h
fn=_dl_important_hwcaps
57 6 1 1 1 0 0 0 0 0
fl=/usr/src/debug/glibc-2.28-251.el8_10.2.x86_64/elf/../sysdeps/x86/dl-procinfo.h
fn=search_cache
39 4 0 0 0 0 0 0 0 0
42 26 1 1 0 0 0 6 0 0
fl=/usr/src/debug/glibc-2.28-251.el8_10.2.x86_64/elf/../sysdeps/x86/dl-prop.h
fn=_dl_process_pt_note
53 12 2 2 6 0 0 0 0 0
59 12 0 0 6 0 0 0 0 0
62 3 0 0 0 0 0 0 0 0
67 24 0 0 0 0 0 0 0 0
70 9 1 1 3 0 0 0 0 0
71 6 0 0 3 0 0 0 0 0
72 6 0 0 3 0 0 0 0 0
76 9 1 1 3 0 0 0 0 0
80 9 0 0 0 0 0 3 0 0
83 9 0 0 3 0 0 0 0 0
84 6 0 0 0 0 0 0 0 0
88 3 0 0 0 0 0 0 0 0
89 6 0 0 0 0 0 0 0 0
93 6 2 2 3 0 0 0 0 0
94 3 0 0 3 0 0 0 0 0
97 6 0 0 0 0 0 0 0 0
100 3 0 0 0 0 0 0 0 0
101 12 0 0 0 0 0 0 0 0
106 6 0 0 0 0 0 0 0 0
113 6 0 0 0 0 0 0 0 0
116 6 0 0 3 0 0 3 0 0
120 3 0 0 0 0 0 0 0 0
136 3 0 0 0 0 0 0 0 0
137 15 0 0 0 0 0 0 0 0
142 15 0 0 3 0 0 0 0 0
143 3 0 0 3 0 0 0 0 0
144 6 0 0 0 0 0 0 0 0
145 6 0 0 3 0 0 0 0 0
153 60 1 1 0 0 0 36 2 2
156 11 0 0 0 0 0 3 0 0
157 6 0 0 6 1 1 0 0 0
159 24 0 0 12 0 0 0 0 0
160 1 0 0 0 0 0 0 0 0
163 4 0 0 0 0 0 0 0 0
164 32 3 3 2 2 2 0 0 0
170 8 0 0 0 0 0 4 1 1
171 14 0 0 2 0 0 2 0 0
180 6 0 0 0 0 0 0 0 0
183 6 1 1 0 0 0 0 0 0
184 50 0 0 42 0 0 0 0 0
fn=dl_main
33 3 0 0 1 0 0 1 0 0
59 4 2 2 2 1 1 0 0 0
fl=/usr/src/debug/glibc-2.28-251.el8_10.2.x86_64/elf/../sysdeps/x86_64/dl-hwcaps-subdirs.c
fn=_dl_hwcaps_subdirs_active
27 1 1 1 0 0 0 0 0 0
33 8 1 1 1 0 0 0 0 0
34 4 0 0 1 0 0 0 0 0
40 1 0 0 0 0 0 0 0 0
44 2 0 0 0 0 0 0 0 0
53 1 0 0 0 0 0 0 0 0
66 1 1 1 1 0 0 0 0 0
fl=/usr/src/debug/glibc-2.28-251.el8_10.2.x86_64/elf/../sysdeps/x86_64/dl-irel.h
fn=_dl_fixup
32 1 1 1 0 0 0 1 0 0
fl=/usr/src/debug/glibc-2.28-251.el8_10.2.x86_64/elf/../sysdeps/x86_64/dl-machine.h
fn=_dl_fixup
239 4 0 0 0 0 0 4 0 0
fn=_dl_relocate_object
76 11 0 0 2 0 0 0 0 0
82 4 0 0 4 1 0 0 0 0
86 6 0 0 2 2 1 0 0 0
92 2 1 1 0 0 0 2 0 0
100 6 0 0 2 0 0 0 0 0
120 4 0 0 2 0 0 0 0 0
127 8 0 0 0 0 0 2 0 0
274 280 1 1 0 0 0 0 0 0
295 280 0 0 0 0 0 0 0 0
299 280 1 1 0 0 0 0 0 0
306 6303 10 10 1297 104 84 966 3 0
307 1380 5 5 625 1 0 0 0 0
310 579 0 0 0 0 0 0 0 0
312 382 0 0 0 0 0 0 0 0
331 840 0 0 140 3 3 0 0 0
427 57 2 2 19 0 0 0 0 0
431 76 0 0 19 1 0 0 0 0
436 57 0 0 38 3 3 0 0 0
445 76 0 0 38 0 0 19 8 8
455 357 0 0 236 14 14 121 20 17
456 121 2 2 121 0 0 0 0 0
479 20 0 0 0 0 0 10 0 0
489 12 0 0 0 0 0 4 0 0
512 130 1 1 130 0 0 0 0 0
513 65 0 0 0 0 0 65 0 0
514 65 0 0 0 0 0 65 3 2
533 3657 0 0 1219 152 152 0 0 0
538 2438 0 0 0 0 0 0 0 0
539 3657 0 0 1219 153 153 1219 227 224
549 12 0 0 6 0 0 0 0 0
553 12 0 0 0 0 0 0 0 0
556 18 0 0 6 1 0 0 0 0
557 6 0 0 6 0 0 0 0 0
561 25 1 1 20 1 0 0 0 0
fn=_dl_start
58 3 0 0 1 1 1 0 0 0
271 6 0 0 0 0 0 0 0 0
299 12 0 0 0 0 0 0 0 0
307 60 0 0 24 5 5 0 0 0
310 12 0 0 0 0 0 0 0 0
331 34 0 0 5 1 1 0 0 0
351 10 1 1 5 0 0 5 0 0
352 5 0 0 0 0 0 0 0 0
419 1 0 0 0 0 0 0 0 0
538 100 1 1 50 6 6 0 0 0
539 150 0 0 50 6 6 50 29 29
fn=_dl_sysdep_start
225 1 0 0 0 0 0 1 0 0
fl=/usr/src/debug/glibc-2.28-251.el8_10.2.x86_64/elf/../sysdeps/x86_64/dl-runtime.h
fn=_dl_fixup
28 4 0 0 0 0 0 0 0 0
fl=/usr/src/debug/glibc-2.28-251.el8_10.2.x86_64/elf/../sysdeps/x86_64/dl-trampoline.h
fn=_dl_runtime_resolve_fxsave
67 4 1 1 0 0 0 0 0 0
72 4 0 0 0 0 0 4 0 0
75 4 0 0 0 0 0 0 0 0
77 4 0 0 0 0 0 0 0 0
80 4 0 0 0 0 0 0 0 0
93 4 0 0 0 0 0 4 2 1
94 4 0 0 0 0 0 4 0 0
95 4 0 0 0 0 0 4 0 0
96 4 0 0 0 0 0 4 0 0
97 4 0 0 0 0 0 4 0 0
98 4 0 0 0 0 0 4 0 0
99 4 0 0 0 0 0 4 1 1
101 4 0 0 0 0 0 72 10 7
124 4 0 0 4 0 0 0 0 0
125 4 1 1 4 0 0 0 0 0
126 4 0 0 0 0 0 4 0 0
127 4 0 0 0 0 0 0 0 0
130 4 0 0 72 0 0 0 0 0
136 4 0 0 4 0 0 0 0 0
137 4 0 0 4 0 0 0 0 0
138 4 0 0 4 0 0 0 0 0
139 4 0 0 4 0 0 0 0 0
140 4 0 0 4 0 0 0 0 0
141 4 0 0 4 0 0 0 0 0
142 4 0 0 4 0 0 0 0 0
144 4 0 0 0 0 0 0 0 0
146 4 0 0 4 0 0 0 0 0
150 4 0 0 0 0 0 0 0 0
153 4 0 0 0 0 0 0 0 0
fl=/usr/src/debug/glibc-2.28-251.el8_10.2.x86_64/elf/./dl-hwcaps.h
fn=_dl_important_hwcaps
54 4 0 0 1 0 0 2 0 0
56 5 1 1 2 0 0 2 0 0
88 2 0 0 1 0 0 1 0 0
89 3 0 0 1 0 0 1 0 0
fn=copy_hwcaps.isra.1
54 2 0 0 0 0 0 2 0 0
56 4 1 1 0 0 0 2 0 0
88 2 0 0 0 0 0 2 0 0
89 4 0 0 0 0 0 2 0 0
fn=update_hwcaps_counts
54 2 0 0 0 0 0 2 1 1
56 4 0 0 0 0 0 2 0 0
88 2 0 0 0 0 0 2 0 0
89 4 0 0 0 0 0 2 0 0
fl=/usr/src/debug/glibc-2.28-251.el8_10.2.x86_64/elf/./dl-load.h
fn=_dl_map_object_from_fd
90 12 0 0 6 0 0 0 0 0
91 9 0 0 6 0 0 3 0 0
93 12 0 0 6 0 0 0 0 0
94 8 1 1 4 0 0 0 0 0
95 12 1 1 4 0 0 0 0 0
96 8 0 0 2 0 0 0 0 0
98 8 0 0 0 0 0 2 0 0
fl=/usr/src/debug/glibc-2.28-251.el8_10.2.x86_64/elf/./dl-main.h
fn=dl_main
109 5 0 0 4 0 0 1 0 0
fl=/usr/src/debug/glibc-2.28-251.el8_10.2.x86_64/elf/./dl-map-segments.h
fn=_dl_map_object_from_fd
50 6 0 0 3 0 0 0 0 0
56 24 1 1 9 0 0 9 0 0
60 9 0 0 3 0 0 0 0 0
63 9 0 0 3 0 0 3 0 0
64 6 0 0 0 0 0 3 0 0
66 6 0 0 3 0 0 0 0 0
73 42 2 2 15 0 0 6 0 0
80 6 0 0 6 0 0 0 0 0
90 30 0 0 6 0 0 0 0 0
92 18 0 0 9 0 0 3 0 0
94 36 3 1 15 0 0 6 0 0
104 24 3 1 12 0 0 0 0 0
110 6 0 0 3 0 0 0 0 0
111 3 0 0 0 0 0 0 0 0
112 9 0 0 3 0 0 0 0 0
113 6 0 0 0 0 0 0 0 0
115 6 0 0 0 0 0 0 0 0
120 6 0 0 0 0 0 0 0 0
123 6 0 0 3 0 0 0 0 0
131 24 1 1 0 0 0 12 0 0
132 9 0 0 9 0 0 0 0 0
137 6 0 0 0 0 0 0 0 0
141 9 1 1 1 0 0 2 0 0
144 3 0 0 1 0 0 0 0 0
149 6 1 1 0 0 0 0 0 0
fl=/usr/src/debug/glibc-2.28-251.el8_10.2.x86_64/elf/./dl-sym-post.h
fn=lookup_malloc_symbol
41 8 0 0 0 0 0 0 0 0
53 12 0 0 4 0 0 0 0 0
60 4 0 0 4 0 0 0 0 0
fl=/usr/src/debug/glibc-2.28-251.el8_10.2.x86_64/elf/dl-audit.c
fn=_dl_audit_activity_map
29 6 1 1 0 0 0 4 0 0
30 1 0 0 1 0 0 0 0 0
31 3 0 0 1 0 0 0 0 0
37 6 1 1 5 0 0 0 0 0
fn=_dl_audit_activity_nsid
41 18 1 0 0 0 0 12 0 0
45 12 1 1 3 1 0 0 0 0
47 9 0 0 3 1 1 0 0 0
51 18 0 0 15 0 0 0 0 0
fn=_dl_audit_objclose
97 5 1 1 0 0 0 0 0 0
98 20 0 0 10 0 0 0 0 0
fn=_dl_audit_objopen
77 3 1 1 0 0 0 0 0 0
78 12 0 0 6 0 0 0 0 0
fn=_dl_audit_preinit
118 1 1 1 0 0 0 0 0 0
119 4 0 0 2 0 0 0 0 0
fl=/usr/src/debug/glibc-2.28-251.el8_10.2.x86_64/elf/dl-cache.c
fn=_dl_cache_libcmp
360 20 1 1 0 0 0 0 0 0
361 404 0 0 202 19 19 0 0 0
363 396 0 0 0 0 0 0 0 0
365 4 0 0 0 0 0 0 0 0
371 6 0 0 0 0 0 0 0 0
372 6 0 0 0 0 0 0 0 0
373 8 1 1 2 0 0 0 0 0
375 8 0 0 2 0 0 0 0 0
377 4 0 0 0 0 0 0 0 0
383 194 1 1 0 0 0 0 0 0
385 194 0 0 0 0 0 0 0 0
386 36 0 0 18 0 0 0 0 0
389 79 0 0 0 0 0 0 0 0
390 79 0 0 0 0 0 0 0 0
393 6 0 0 2 0 0 0 0 0
fn=_dl_load_cache_lookup
406 12 1 1 0 0 0 4 0 0
408 4 0 0 2 0 0 0 0 0
411 6 0 0 2 1 1 0 0 0
414 6 1 1 0 0 0 2 0 0
422 6 1 1 2 0 0 0 0 0
423 8 1 1 3 1 1 0 0 0
426 7 0 0 0 0 0 0 0 0
427 1 0 0 1 0 0 0 0 0
429 1 0 0 1 0 0 0 0 0
434 1 1 1 0 0 0 1 0 0
435 2 0 0 0 0 0 1 0 0
480 3 0 0 1 0 0 0 0 0
485 6 1 1 2 0 0 0 0 0
488 10 0 0 2 0 0 2 0 0
503 4 0 0 2 0 0 0 0 0
507 4 0 0 0 0 0 0 0 0
515 36 3 3 2 0 0 2 0 0
516 8 0 0 0 0 0 2 0 0
517 4 0 0 0 0 0 2 0 0
518 6 0 0 6 0 0 0 0 0
fn=_dl_unload_cache
527 2 1 1 0 0 0 0 0 0
528 4 0 0 1 1 0 0 0 0
530 2 0 0 1 0 0 1 0 0
531 1 0 0 0 0 0 1 0 0
535 1 1 1 0 0 0 1 0 0
537 2 0 0 1 0 0 0 0 0
fn=search_cache
190 22 0 0 0 0 0 0 0 0
202 26 2 2 0 0 0 20 0 0
204 2 0 0 2 0 0 0 0 0
207 14 2 1 2 0 0 6 0 0
209 18 1 1 4 0 0 6 0 0
210 6 0 0 2 0 0 0 0 0
212 14 0 0 4 0 0 2 0 0
219 36 0 0 0 0 0 0 0 0
221 36 0 0 0 0 0 0 0 0
222 40 0 0 22 15 15 0 0 0
226 36 1 1 0 0 0 0 0 0
230 54 1 1 0 0 0 18 0 0
231 36 0 0 0 0 0 0 0 0
239 4 0 0 0 0 0 0 0 0
241 8 0 0 4 0 0 0 0 0
244 22 1 1 4 0 0 2 0 0
246 20 1 1 4 0 0 2 0 0
258 4 0 0 0 0 0 0 0 0
268 4 1 1 2 0 0 0 0 0
269 6 0 0 2 0 0 0 0 0
271 4 0 0 2 0 0 0 0 0
278 4 1 1 2 0 0 0 0 0
286 2 0 0 2 0 0 0 0 0
296 8 0 0 2 0 0 0 0 0
298 6 1 1 2 0 0 0 0 0
299 4 0 0 2 0 0 0 0 0
303 6 0 0 0 0 0 0 0 0
311 4 1 1 0 0 0 0 0 0
332 4 0 0 2 0 0 2 0 0
335 10 0 0 2 0 0 0 0 0
349 16 0 0 0 0 0 0 0 0
350 11 0 0 0 0 0 0 0 0
352 5 0 0 0 0 0 0 0 0
356 20 2 1 18 0 0 0 0 0
fl=/usr/src/debug/glibc-2.28-251.el8_10.2.x86_64/elf/dl-call-libc-early-init.c
fn=_dl_call_libc_early_init
27 4 1 1 0 0 0 2 0 0
29 2 0 0 0 0 0 0 0 0
33 7 1 1 0 0 0 1 0 0
37 2 0 0 0 0 0 0 0 0
39 4 0 0 3 0 0 0 0 0
40 2 0 0 0 0 0 0 0 0
41 3 0 0 2 0 0 0 0 0
fl=/usr/src/debug/glibc-2.28-251.el8_10.2.x86_64/elf/dl-debug.c
fn=_dl_debug_initialize
46 5 2 1 0 0 0 0 0 0
49 10 0 0 0 0 0 0 0 0
50 5 2 1 5 0 0 0 0 0
54 18 1 0 5 0 0 0 0 0
57 1 0 0 0 0 0 1 0 0
58 7 0 0 4 0 0 1 0 0
59 5 1 1 1 0 0 1 0 0
60 2 0 0 0 0 0 1 0 0
64 1 0 0 1 0 0 0 0 0
fn=_dl_debug_state
73 2 0 0 0 0 0 0 0 0
74 2 0 0 2 0 0 0 0 0
fl=/usr/src/debug/glibc-2.28-251.el8_10.2.x86_64/elf/dl-deps.c
fn=_dl_map_object_deps
144 4 0 0 0 0 0 2 0 0
145 2 0 0 0 0 0 2 1 1
146 7 1 1 0 0 0 2 0 0
148 3 0 0 0 0 0 1 0 0
152 8 0 0 2 0 0 2 0 0
159 12 2 2 0 0 0 8 1 1
160 20 2 2 1 1 1 0 0 0
176 11 1 1 1 0 0 1 0 0
177 1 0 0 1 0 0 0 0 0
180 2 0 0 1 0 0 1 0 0
198 2 1 1 1 0 0 1 0 0
199 2 0 0 0 0 0 1 0 0
200 2 1 1 0 0 0 2 0 0
202 12 0 0 8 0 0 0 0 0
206 5 0 0 0 0 0 0 0 0
209 10 0 0 5 0 0 5 0 0
213 20 1 1 5 0 0 5 0 0
214 32 2 2 14 1 1 0 0 0
217 9 0 0 0 0 0 0 0 0
221 9 1 1 3 0 0 3 0 0
224 18 0 0 9 1 0 0 0 0
226 9 1 1 6 0 0 3 0 0
231 3 0 0 0 0 0 3 0 0
232 3 0 0 0 0 0 3 0 0
233 6 0 0 3 0 0 3 0 0
234 6 1 1 3 0 0 3 0 0
237 342 1 1 90 2 0 3 0 0
238 165 0 0 0 0 0 0 0 0
244 45 2 2 10 0 0 5 0 0
246 5 0 0 0 0 0 5 0 0
248 20 2 2 10 0 0 5 0 0
249 10 0 0 5 0 0 0 0 0
258 5 0 0 5 0 0 0 0 0
260 10 0 0 5 0 0 0 0 0
265 21 1 1 3 0 0 0 0 0
268 3 0 0 0 0 0 3 0 0
269 3 0 0 0 0 0 3 0 0
270 3 0 0 0 0 0 3 0 0
271 6 1 1 3 0 0 3 0 0
273 3 0 0 3 0 0 0 0 0
275 15 0 0 3 0 0 6 0 0
279 15 0 0 5 0 0 0 0 0
280 9 0 0 0 0 0 3 0 0
282 228 0 0 0 0 0 0 0 0
287 3 0 0 0 0 0 2 0 0
303 8 0 0 0 0 0 4 1 1
380 8 1 1 0 0 0 4 0 0
433 15 1 1 5 0 0 0 0 0
435 9 0 0 0 0 0 3 1 1
438 6 0 0 0 0 0 0 0 0
439 6 0 0 0 0 0 0 0 0
445 3 0 0 0 0 0 3 1 1
446 15 0 0 3 0 0 3 0 0
447 15 0 0 0 0 0 3 0 0
450 3 0 0 0 0 0 3 0 0
451 3 0 0 3 0 0 0 0 0
455 20 1 1 10 0 0 0 0 0
457 5 1 1 5 0 0 0 0 0
458 24 0 0 6 0 0 0 0 0
464 6 0 0 2 0 0 0 0 0
465 1 0 0 0 0 0 1 0 0
468 4 0 0 1 0 0 1 0 0
479 3 1 1 1 0 0 0 0 0
481 2 0 0 0 0 0 0 0 0
486 4 0 0 1 0 0 1 0 0
487 1 0 0 0 0 0 1 0 0
488 2 1 1 1 0 0 0 0 0
490 18 0 0 5 0 0 1 0 0
494 15 0 0 5 0 0 0 0 0
498 10 1 1 0 0 0 0 0 0
500 25 0 0 10 0 0 5 1 1
505 5 0 0 5 0 0 0 0 0
508 2 0 0 1 0 0 0 0 0
560 3 1 1 1 0 0 0 0 0
597 3 1 1 1 0 0 0 0 0
598 5 1 1 1 0 0 0 0 0
612 3 1 1 0 0 0 1 0 0
617 8 1 1 1 0 0 1 0 0
618 4 1 1 2 0 0 0 0 0
622 1 0 0 0 0 0 1 0 0
624 1 0 0 0 0 0 1 0 0
625 1 0 0 1 0 0 0 0 0
626 2 1 1 0 0 0 0 0 0
633 3 0 0 1 0 0 0 0 0
636 3 0 0 1 0 0 0 0 0
639 8 0 0 7 0 0 0 0 0
fn=openaux
61 15 1 1 0 0 0 5 0 0
64 50 0 0 20 0 0 10 0 0
65 10 0 0 5 0 0 0 0 0
68 5 0 0 5 0 0 0 0 0
69 10 0 0 10 0 0 0 0 0
fl=/usr/src/debug/glibc-2.28-251.el8_10.2.x86_64/elf/dl-environ.c
fn=_dl_next_ld_env_entry
28 4 1 1 0 0 0 0 0 0
29 4 0 0 4 0 0 0 0 0
32 322 0 0 107 0 0 0 0 0
34 212 0 0 106 0 0 0 0 0
35 24 0 0 12 0 0 0 0 0
37 3 0 0 0 0 0 0 0 0
40 6 0 0 0 0 0 3 0 0
42 3 1 1 3 0 0 0 0 0
45 103 0 0 0 0 0 0 0 0
49 1 0 0 1 0 0 0 0 0
fl=/usr/src/debug/glibc-2.28-251.el8_10.2.x86_64/elf/dl-error-skeleton.c
fn=_dl_catch_error
225 8 1 1 0 0 0 3 0 0
227 4 0 0 0 0 0 1 0 0
228 2 0 0 1 0 0 1 0 0
229 2 0 0 1 0 0 1 0 0
230 2 1 1 1 0 0 1 0 0
232 5 0 0 4 0 0 0 0 0
fn=_dl_catch_exception
175 48 2 2 6 0 0 30 3 3
178 12 0 0 0 0 0 0 0 0
199 12 0 0 6 0 0 6 1 1
200 12 0 0 0 0 0 6 0 0
203 12 0 0 0 0 0 6 0 0
206 42 0 0 0 0 0 6 0 0
208 18 1 1 12 0 0 6 0 0
209 12 0 0 6 0 0 6 0 0
210 24 0 0 6 0 0 12 0 0
219 24 0 0 12 0 0 0 0 0
fn=_dl_receive_error
238 4 0 0 0 0 0 2 0 0
239 1 0 0 1 0 0 0 0 0
240 1 0 0 1 0 0 0 0 0
243 1 1 1 0 0 0 1 0 0
244 1 0 0 0 0 0 1 0 0
246 2 0 0 0 0 0 1 0 0
248 1 0 0 0 0 0 1 0 0
249 1 0 0 0 0 0 1 0 0
250 4 0 0 3 0 0 0 0 0
fl=/usr/src/debug/glibc-2.28-251.el8_10.2.x86_64/elf/dl-fini.c
fn=_dl_fini
30 9 1 1 0 0 0 6 0 0
47 6 1 1 0 0 0 1 0 0
50 7 0 0 1 1 1 0 0 0
53 2 1 1 1 1 1 1 1 1
55 1 0 0 1 1 1 0 0 0
58 2 0 0 0 0 0 0 0 0
60 6 0 0 3 1 1 0 0 0
65 1 0 0 0 0 0 1 0 0
67 3 0 0 0 0 0 1 0 0
72 17 3 3 1 0 0 0 0 0
77 19 0 0 6 0 0 0 0 0
79 10 0 0 5 5 5 0 0 0
81 10 0 0 0 0 0 0 0 0
83 10 0 0 0 0 0 5 0 0
84 5 0 0 0 0 0 5 5 5
85 5 1 1 0 0 0 0 0 0
89 5 0 0 5 4 4 0 0 0
91 6 0 0 0 0 0 0 0 0
92 6 0 0 0 0 0 0 0 0
98 6 1 1 0 0 0 2 1 1
107 2 0 0 1 0 0 1 0 0
112 22 0 0 6 0 0 1 0 0
114 5 1 1 5 0 0 0 0 0
116 15 0 0 5 0 0 0 0 0
119 10 0 0 0 0 0 5 0 0
122 15 0 0 5 5 5 0 0 0
123 6 1 1 2 2 2 0 0 0
126 6 0 0 3 1 1 0 0 0
137 12 0 0 6 4 4 3 0 0
138 3 1 1 3 0 0 0 0 0
139 6 0 0 3 0 0 0 0 0
140 24 0 0 6 3 3 0 0 0
141 3 0 0 3 3 3 3 0 0
145 6 1 1 0 0 0 0 0 0
146 9 0 0 6 2 2 3 0 0
152 10 0 0 0 0 0 5 0 0
157 5 0 0 5 0 0 0 0 0
161 5 0 0 1 0 0 1 0 0
167 6 1 1 2 0 0 0 0 0
173 2 0 0 1 0 0 0 0 0
180 8 0 0 7 0 0 0 0 0
fl=/usr/src/debug/glibc-2.28-251.el8_10.2.x86_64/elf/dl-hwcaps.c
fn=_dl_important_hwcaps
100 3 0 0 0 0 0 1 0 0
102 2 0 0 0 0 0 0 0 0
105 1 0 0 0 0 0 1 0 0
108 1 0 0 0 0 0 0 0 0
112 4 1 1 0 0 0 1 0 0
125 8 1 1 0 0 0 2 0 0
127 5 0 0 2 0 0 1 0 0
128 2 0 0 1 0 0 1 0 0
129 2 0 0 0 0 0 1 0 0
130 1 0 0 0 0 0 0 0 0
133 2 0 0 0 0 0 0 0 0
142 4 1 1 1 0 0 1 0 0
172 15 2 2 0 0 0 10 1 1
173 7 0 0 1 0 0 2 1 1
175 2 0 0 1 0 0 1 0 0
176 4 0 0 1 0 0 1 0 0
184 3 1 1 0 0 0 2 0 0
185 3 0 0 0 0 0 2 0 0
186 6 0 0 0 0 0 1 0 0
187 5 1 1 0 0 0 1 0 0
189 1 0 0 1 0 0 0 0 0
195 1 0 0 1 0 0 0 0 0
196 7 2 2 2 0 0 2 0 0
200 19 1 1 3 0 0 0 0 0
201 7 0 0 2 0 0 2 1 1
202 2 0 0 0 0 0 0 0 0
208 17 2 2 1 0 0 2 0 0
209 2 0 0 0 0 0 0 0 0
210 11 1 1 3 0 0 2 0 0
211 4 0 0 2 0 0 2 1 1
213 1 0 0 0 0 0 1 0 0
214 2 0 0 0 0 0 2 0 0
215 5 0 0 0 0 0 0 0 0
216 2 0 0 0 0 0 0 0 0
218 3 0 0 1 0 0 0 0 0
220 2 1 1 0 0 0 1 0 0
221 2 0 0 1 0 0 1 0 0
222 3 0 0 0 0 0 0 0 0
225 5 0 0 0 0 0 1 0 0
226 1 0 0 0 0 0 1 0 0
229 2 0 0 1 0 0 0 0 0
233 5 1 1 1 0 0 1 0 0
234 1 0 0 0 0 0 0 0 0
237 3 0 0 1 0 0 0 0 0
238 2 0 0 0 0 0 0 0 0
240 3 0 0 0 0 0 0 0 0
241 3 0 0 0 0 0 0 0 0
242 5 1 1 1 0 0 0 0 0
243 2 0 0 0 0 0 0 0 0
247 1 1 1 0 0 0 0 0 0
250 2 0 0 0 0 0 0 0 0
254 11 1 1 2 0 0 3 1 1
261 3 0 0 1 0 0 0 0 0
262 2 0 0 0 0 0 0 0 0
269 1 0 0 0 0 0 1 0 0
270 4 1 1 1 0 0 1 0 0
271 8 0 0 2 0 0 1 0 0
272 6 1 1 3 0 0 1 0 0
275 1 0 0 1 0 0 0 0 0
276 1 0 0 1 0 0 0 0 0
283 2 0 0 0 0 0 0 0 0
285 1 0 0 0 0 0 1 1 1
307 2 0 0 0 0 0 1 0 0
310 15 1 1 2 0 0 4 0 0
317 2 0 0 2 0 0 0 0 0
320 2 0 0 0 0 0 0 0 0
323 10 0 0 4 0 0 4 0 0
326 11 1 1 3 0 0 0 0 0
327 23 1 1 2 0 0 4 0 0
328 7 1 1 2 0 0 2 0 0
331 10 0 0 2 0 0 4 0 0
333 6 0 0 2 0 0 0 0 0
338 25 0 0 0 0 0 0 0 0
339 24 1 1 0 0 0 8 1 1
343 18 1 1 1 0 0 0 0 0
346 36 0 0 0 0 0 0 0 0
347 96 0 0 0 0 0 0 0 0
348 48 0 0 24 0 0 12 0 0
350 9 1 1 0 0 0 0 0 0
353 3 0 0 1 0 0 0 0 0
354 2 0 0 0 0 0 0 0 0
355 14 0 0 1 0 0 0 0 0
357 6 1 1 0 0 0 0 0 0
358 2 0 0 2 0 0 0 0 0
360 1 0 0 1 0 0 0 0 0
361 4 0 0 0 0 0 2 0 0
368 19 1 1 6 0 0 4 0 0
369 4 0 0 0 0 0 0 0 0
371 8 0 0 0 0 0 0 0 0
374 2 0 0 2 0 0 0 0 0
375 4 0 0 1 0 0 1 0 0
380 9 0 0 8 0 0 0 0 0
fn=copy_hwcaps.isra.1
72 14 0 0 0 0 0 8 0 0
77 12 1 1 0 0 0 3 0 0
79 3 0 0 2 0 0 1 0 0
80 9 0 0 2 0 0 4 1 1
84 1 0 0 0 0 0 1 0 0
85 1 0 0 1 0 0 0 0 0
86 3 0 0 1 0 0 1 0 0
87 2 0 0 0 0 0 1 0 0
88 2 0 0 0 0 0 1 0 0
90 12 0 0 10 0 0 0 0 0
fn=update_hwcaps_counts
49 8 1 1 0 0 0 4 0 0
52 12 1 1 0 0 0 3 0 0
54 1 0 0 1 0 0 0 0 0
55 2 0 0 2 0 0 0 0 0
56 2 0 0 1 0 0 0 0 0
57 2 0 0 0 0 0 1 0 0
59 8 0 0 6 0 0 0 0 0
fl=/usr/src/debug/glibc-2.28-251.el8_10.2.x86_64/elf/dl-hwcaps_split.c
fn=_dl_hwcaps_contains
66 3 1 1 0 0 0 0 0 0
67 6 0 0 0 0 0 0 0 0
68 3 0 0 0 0 0 0 0 0
77 3 0 0 3 0 0 0 0 0
fn=_dl_hwcaps_split
25 1 0 0 0 0 0 0 0 0
26 3 0 0 1 0 0 0 0 0
47 2 0 0 1 0 0 0 0 0
fn=_dl_hwcaps_split.part.1
24 36 0 0 0 0 0 24 0 0
34 84 0 0 30 1 1 0 0 0
35 12 0 0 0 0 0 6 0 0
36 33 1 1 0 0 0 0 0 0
37 12 0 0 0 0 0 0 0 0
41 27 0 0 0 0 0 9 1 1
42 18 0 0 0 0 0 0 0 0
43 9 0 0 0 0 0 6 0 0
45 12 0 0 0 0 0 6 0 0
46 9 1 1 0 0 0 0 0 0
47 48 0 0 36 0 0 0 0 0
fn=_dl_hwcaps_split_masked
26 42 0 0 14 0 0 0 0 0
30 36 0 0 12 0 0 12 0 0
34 12 0 0 0 0 0 12 0 0
51 24 1 1 0 0 0 8 0 0
54 24 0 0 0 0 0 0 0 0
55 5 1 1 0 0 0 0 0 0
56 9 0 0 9 0 0 0 0 0
57 27 0 0 0 0 0 9 0 0
58 36 0 0 9 0 0 3 0 0
62 16 0 0 16 0 0 0 0 0
fl=/usr/src/debug/glibc-2.28-251.el8_10.2.x86_64/elf/dl-init.c
fn=_dl_init
30 25 1 1 6 0 0 1 0 0
79 12 1 1 0 0 0 6 0 0
80 1 1 1 1 1 0 0 0 0
81 1 0 0 1 0 0 0 0 0
84 3 0 0 1 0 0 0 0 0
87 2 0 0 0 0 0 1 0 0
92 2 0 0 0 0 0 0 0 0
117 1 0 0 1 0 0 0 0 0
118 22 0 0 0 0 0 4 0 0
119 15 1 1 10 0 0 0 0 0
122 2 0 0 0 0 0 1 0 0
123 8 0 0 7 0 0 0 0 0
fn=call_init.part.0
28 32 0 0 0 0 0 20 0 0
36 15 1 1 5 0 0 5 0 0
39 20 0 0 10 3 0 0 0 0
40 3 1 1 1 0 0 0 0 0
44 16 0 0 4 2 0 0 0 0
45 3 0 0 1 0 0 0 0 0
49 6 1 1 3 0 0 0 0 0
58 21 0 0 9 4 0 3 0 0
62 6 0 0 0 0 0 0 0 0
68 9 0 0 6 1 0 0 0 0
70 6 0 0 6 1 0 0 0 0
71 24 1 1 0 0 0 0 0 0
72 12 0 0 3 0 0 3 0 0
74 24 0 0 24 0 0 0 0 0
fl=/usr/src/debug/glibc-2.28-251.el8_10.2.x86_64/elf/dl-load.c
fn=_dl_dst_count
236 48 1 1 0 0 0 40 1 1
239 16 0 0 0 0 0 8 0 0
242 16 0 0 0 0 0 0 0 0
243 8 0 0 0 0 0 0 0 0
262 56 0 0 48 0 0 0 0 0
fn=_dl_init_paths
688 11 1 1 0 0 0 5 0 0
702 4 0 0 0 0 0 2 1 1
707 1 0 0 0 0 0 1 0 0
709 2 0 0 0 0 0 0 0 0
716 5 1 1 0 0 0 0 0 0
717 2 0 0 1 0 0 0 0 0
721 4 0 0 0 0 0 1 1 1
723 4 0 0 2 0 0 0 0 0
729 1 0 0 0 0 0 1 0 0
730 1 0 0 0 0 0 1 0 0
738 3 0 0 0 0 0 2 0 0
740 3 0 0 0 0 0 2 0 0
741 2 0 0 0 0 0 2 1 1
743 4 1 1 0 0 0 2 0 0
744 2 1 1 0 0 0 2 1 1
749 61 1 1 1 0 0 0 0 0
750 18 0 0 0 0 0 18 0 0
752 4 0 0 0 0 0 2 0 0
758 1 1 1 0 0 0 1 0 0
759 1 0 0 0 0 0 1 0 0
764 1 0 0 1 0 0 0 0 0
767 3 0 0 0 0 0 0 0 0
769 4 0 0 1 0 0 0 0 0
771 3 0 0 1 0 0 0 0 0
788 2 0 0 0 0 0 1 0 0
790 3 1 1 1 0 0 0 0 0
794 5 1 1 0 0 0 1 0 0
795 1 0 0 1 0 0 0 0 0
796 2 0 0 2 0 0 0 0 0
801 2 0 0 0 0 0 1 0 0
807 4 1 1 1 0 0 0 0 0
809 22 3 3 1 0 0 2 0 0
813 2 0 0 0 0 0 0 0 0
814 545 1 1 136 0 0 0 0 0
815 540 0 0 0 0 0 0 0 0
818 1 0 0 0 0 0 1 0 0
820 2 0 0 0 0 0 0 0 0
826 7 1 1 0 0 0 1 0 0
829 3 0 0 2 0 0 0 0 0
835 1 0 0 0 0 0 1 0 0
839 7 0 0 6 0 0 0 0 0
fn=_dl_map_object
664 12 1 1 4 0 0 0 0 0
667 4 0 0 0 0 0 0 0 0
1931 60 1 1 0 0 0 48 4 4
1933 3 1 1 0 0 0 3 0 0
1939 12 0 0 0 0 0 0 0 0
1940 24 1 1 6 1 1 0 0 0
1943 105 0 0 21 0 0 6 0 0
1948 126 1 1 36 0 0 0 0 0
1950 90 0 0 0 0 0 18 0 0
1954 30 0 0 15 0 0 0 0 0
1955 45 1 1 15 0 0 0 0 0
1958 6 0 0 6 0 0 0 0 0
1959 18 0 0 12 0 0 0 0 0
1960 30 0 0 0 0 0 6 0 0
1974 30 0 0 6 0 0 6 0 0
1983 9 0 0 3 0 0 0 0 0
1998 3 0 0 0 0 0 3 2 2
2000 15 0 0 0 0 0 3 0 0
2004 8 1 1 0 0 0 4 0 0
2006 4 0 0 2 0 0 0 0 0
2013 8 1 1 2 0 0 0 0 0
2017 6 1 1 2 0 0 2 0 0
2018 2 0 0 0 0 0 0 0 0
2022 6 0 0 2 0 0 0 0 0
2023 2 0 0 0 0 0 0 0 0
2025 42 1 1 10 0 0 18 0 0
2029 6 0 0 0 0 0 0 0 0
2032 6 0 0 2 0 0 0 0 0
2037 4 0 0 0 0 0 0 0 0
2063 4 2 1 2 0 0 0 0 0
2064 30 1 1 2 0 0 8 0 0
2070 10 0 0 2 0 0 0 0 0
2071 2 0 0 0 0 0 0 0 0
2079 2 1 1 0 0 0 2 0 0
2093 4 0 0 0 0 0 0 0 0
2095 6 0 0 2 0 0 0 0 0
2099 6 0 0 0 0 0 2 0 0
2101 4 0 0 0 0 0 0 0 0
2105 4 1 1 0 0 0 0 0 0
2113 6 0 0 2 0 0 0 0 0
2136 18 0 0 0 0 0 4 0 0
2140 6 1 1 2 0 0 0 0 0
2141 4 0 0 0 0 0 2 0 0
2154 6 2 1 4 0 0 0 0 0
2158 4 1 1 2 0 0 0 0 0
2164 1 0 0 0 0 0 1 0 0
2165 3 1 1 0 0 0 1 0 0
2166 2 0 0 0 0 0 0 0 0
2167 3 0 0 0 0 0 0 0 0
2171 9 0 0 0 0 0 2 0 0
2174 3 1 1 1 0 0 0 0 0
2186 12 0 0 3 0 0 0 0 0
2188 8 0 0 0 0 0 0 0 0
2232 6 0 0 3 0 0 3 0 0
2233 45 1 1 9 0 0 15 0 0
2235 57 1 1 45 0 0 0 0 0
fn=_dl_map_object_from_fd
877 45 1 1 0 0 0 30 2 2
887 12 1 1 3 0 0 6 1 1
904 54 1 1 21 0 0 0 0 0
905 18 0 0 9 0 0 0 0 0
922 6 1 1 3 0 0 0 0 0
950 12 0 0 3 0 0 3 0 0
960 6 0 0 3 0 0 0 0 0
982 24 1 1 15 0 0 3 0 0
983 6 0 0 0 0 0 0 0 0
994 6 0 0 3 0 0 3 3 3
995 12 1 1 6 0 0 6 0 0
996 6 0 0 3 0 0 3 0 0
998 9 0 0 0 0 0 0 0 0
999 12 0 0 6 0 0 0 0 0
1000 3 0 0 0 0 0 0 0 0
1015 3 0 0 0 0 0 3 0 0
1017 3 0 0 0 0 0 3 0 0
1019 57 2 2 6 0 0 6 0 0
1020 3 0 0 0 0 0 0 0 0
1021 3 0 0 0 0 0 3 0 0
1027 228 0 0 30 0 0 0 0 0
1028 251 2 2 30 3 3 0 0 0
1034 6 1 1 3 0 0 0 0 0
1039 6 0 0 3 0 0 3 0 0
1040 18 0 0 6 0 0 3 0 0
1045 2 0 0 1 0 0 1 0 0
1046 1 0 0 0 0 0 0 0 0
1051 30 2 2 12 0 0 0 0 0
1056 42 0 0 12 0 0 0 0 0
1063 24 0 0 12 0 0 0 0 0
1074 12 0 0 0 0 0 0 0 0
1075 36 1 1 0 0 0 6 4 4
1076 24 0 0 0 0 0 6 0 0
1077 6 0 0 0 0 0 6 1 1
1078 18 0 0 12 0 0 6 0 0
1079 12 0 0 0 0 0 6 0 0
1083 12 1 1 0 0 0 0 0 0
1084 18 0 0 9 0 0 3 0 0
1088 12 0 0 0 0 0 0 0 0
1089 48 1 1 12 0 0 6 0 0
1099 6 0 0 0 0 0 0 0 0
1102 3 0 0 1 0 0 0 0 0
1106 1 0 0 0 0 0 1 1 1
1107 2 0 0 1 0 0 1 0 0
1108 3 0 0 1 0 0 0 0 0
1111 3 1 1 0 0 0 1 0 0
1112 2 0 0 1 0 0 1 0 0
1115 1 0 0 0 0 0 1 0 0
1120 4 0 0 1 0 0 0 0 0
1127 18 1 1 3 0 0 6 0 0
1135 6 0 0 3 0 0 3 0 0
1136 3 0 0 0 0 0 0 0 0
1139 6 1 1 3 0 0 3 2 2
1140 6 0 0 3 0 0 3 0 0
1141 3 0 0 0 0 0 0 0 0
1144 42 0 0 6 0 0 6 1 1
1152 6 1 1 0 0 0 0 0 0
1165 6 0 0 0 0 0 0 0 0
1175 30 1 1 12 0 0 6 0 0
1187 12 1 1 6 0 0 0 0 0
1196 9 0 0 3 0 0 3 0 0
1203 6 1 1 0 0 0 0 0 0
1204 6 0 0 0 0 0 0 0 0
1224 9 0 0 3 0 0 0 0 0
1243 6 1 1 3 0 0 3 0 0
1245 15 0 0 6 0 0 0 0 0
1293 9 0 0 3 2 2 0 0 0
1294 2 0 0 1 0 0 1 0 0
1297 12 1 1 3 0 0 3 0 0
1306 6 0 0 3 0 0 0 0 0
1308 12 0 0 6 0 0 3 0 0
1310 6 0 0 3 0 0 0 0 0
1326 6 0 0 0 0 0 3 0 0
1330 6 1 1 3 0 0 0 0 0
1331 6 0 0 3 0 0 0 0 0
1348 6 0 0 3 0 0 0 0 0
1349 1 0 0 0 0 0 1 0 0
1352 9 0 0 3 0 0 6 0 0
1357 6 1 1 3 0 0 0 0 0
1367 6 0 0 3 0 0 0 0 0
1374 24 0 0 9 1 1 0 0 0
1375 9 1 1 3 0 0 0 0 0
1376 29 0 0 30 3 3 0 0 0
1377 4 1 1 4 0 0 0 0 0
1378 2 0 0 0 0 0 1 0 0
1384 6 1 1 3 0 0 0 0 0
1385 4 0 0 1 0 0 0 0 0
1390 2 0 0 0 0 0 1 0 0
1397 9 0 0 3 0 0 3 0 0
1400 12 0 0 6 0 0 0 0 0
1419 6 0 0 0 0 0 0 0 0
1423 21 1 1 9 0 0 0 0 0
1424 12 0 0 3 0 0 3 0 0
1428 27 0 0 21 0 0 0 0 0
fn=decompose_rpath.isra.7
560 8 1 1 0 0 0 6 0 0
564 1 0 0 1 0 0 0 0 0
573 3 1 1 1 0 0 0 0 0
604 2 0 0 1 1 1 0 0 0
611 2 0 0 0 0 0 1 0 0
612 2 1 1 0 0 0 0 0 0
619 2 0 0 0 0 0 0 0 0
620 545 0 0 136 0 0 0 0 0
622 540 0 0 0 0 0 0 0 0
628 2 0 0 0 0 0 0 0 0
636 7 0 0 0 0 0 1 0 0
643 2 0 0 1 0 0 0 0 0
650 1 0 0 0 0 0 1 0 0
652 2 1 1 1 0 0 1 0 0
653 1 0 0 0 0 0 0 0 0
654 12 0 0 7 0 0 1 0 0
fn=expand_dynamic_string_token
383 21 1 1 0 0 0 12 0 0
393 6 0 0 0 0 0 3 1 1
396 6 0 0 0 0 0 0 0 0
397 6 0 0 0 0 0 0 0 0
408 15 1 1 12 0 0 0 0 0
fn=fillin_rpath
452 32 1 1 0 0 0 24 0 0
454 2 0 0 0 0 0 0 0 0
456 24 1 1 8 0 0 4 0 0
463 4 0 0 2 0 0 0 0 0
465 8 0 0 2 0 0 2 0 0
469 4 0 0 0 0 0 0 0 0
474 4 0 0 0 0 0 2 0 0
475 4 1 1 0 0 0 0 0 0
482 14 2 2 2 0 0 0 0 0
487 8 0 0 0 0 0 2 0 0
491 12 0 0 4 0 0 0 0 0
492 12 1 1 4 0 0 1 0 0
499 2 0 0 0 0 0 0 0 0
504 2 0 0 0 0 0 1 0 0
510 7 2 2 2 0 0 1 0 0
514 3 0 0 1 0 0 0 0 0
516 2 0 0 0 0 0 0 0 0
520 2 0 0 0 0 0 2 1 1
521 2 1 1 1 0 0 0 0 0
522 4 0 0 0 0 0 2 0 0
523 2 0 0 1 0 0 1 0 0
525 2 0 0 1 0 0 0 0 0
526 1 0 0 0 0 0 1 0 0
531 4 0 0 1 0 0 0 0 0
532 32 1 1 1 0 0 0 0 0
533 9 0 0 0 0 0 9 0 0
535 2 0 0 1 0 0 1 0 0
536 3 0 0 1 0 0 0 0 0
537 7 1 1 1 0 0 3 0 0
538 1 0 0 0 0 0 0 0 0
543 2 0 0 1 0 0 1 0 0
544 1 0 0 0 0 0 1 0 0
547 3 0 0 0 0 0 1 0 0
553 2 0 0 0 0 0 2 0 0
556 18 0 0 14 0 0 0 0 0
fn=open_path
1779 32 1 1 0 0 0 24 1 1
1780 8 0 0 4 0 0 4 1 1
1783 8 0 0 0 0 0 4 0 0
1784 4 0 0 0 0 0 4 0 0
1786 8 0 0 0 0 0 0 0 0
1791 112 4 4 20 1 1 24 1 1
1798 4 0 0 0 0 0 0 0 0
1803 16 0 0 4 0 0 4 0 0
1810 20 1 1 8 0 0 8 1 1
1811 132 1 1 0 0 0 0 0 0
1814 72 0 0 36 0 0 0 0 0
1819 132 1 1 72 0 0 24 0 0
1822 24 0 0 0 0 0 12 0 0
1828 24 0 0 12 0 0 0 0 0
1831 96 1 1 48 0 0 12 0 0
1833 36 0 0 12 0 0 0 0 0
1835 18 0 0 0 0 0 0 0 0
1840 18 1 1 9 0 0 0 0 0
1841 72 0 0 36 0 0 0 0 0
1847 45 1 1 18 0 0 9 0 0
1849 54 0 0 9 0 0 9 0 0
1850 2 0 0 1 0 0 0 0 0
1852 34 1 1 0 0 0 9 0 0
1859 12 0 0 0 0 0 0 0 0
1861 38 1 1 20 0 0 4 0 0
1869 8 0 0 0 0 0 4 0 0
1897 4 1 1 0 0 0 0 0 0
1900 28 1 1 4 0 0 0 0 0
1905 4 0 0 4 0 0 0 0 0
1907 20 1 1 12 0 0 0 0 0
1910 12 0 0 4 0 0 0 0 0
1924 36 0 0 28 0 0 0 0 0
fn=open_verify.constprop.9
1481 180 1 1 0 0 0 105 1 1
1520 45 0 0 15 0 0 0 0 0
1525 12 0 0 0 0 0 0 0 0
1539 75 0 0 0 0 0 15 2 2
1541 30 1 1 0 0 0 0 0 0
1546 18 1 1 0 0 0 3 0 0
1552 3 0 0 0 0 0 3 0 0
1553 9 0 0 0 0 0 3 1 1
1554 3 0 0 0 0 0 3 0 0
1558 21 0 0 3 0 0 3 0 0
1560 6 1 1 0 0 0 0 0 0
1562 6 0 0 3 0 0 3 0 0
1564 6 0 0 0 0 0 0 0 0
1570 6 0 0 0 0 0 0 0 0
1586 54 4 4 29 3 3 0 0 0
1645 6 0 0 3 0 0 0 0 0
1650 6 0 0 3 0 0 0 0 0
1652 12 0 0 3 0 0 0 0 0
1658 6 0 0 3 1 1 0 0 0
1664 15 1 1 3 0 0 0 0 0
1665 12 0 0 3 0 0 0 0 0
1666 6 0 0 3 0 0 0 0 0
1687 114 0 0 0 0 0 0 0 0
1688 62 1 1 27 10 10 0 0 0
1701 12 0 0 0 0 0 0 0 0
1704 16 0 0 8 0 0 0 0 0
1705 13 1 1 5 0 0 0 0 0
1710 2 0 0 0 0 0 0 0 0
1711 16 2 2 1 0 0 0 0 0
1721 6 0 0 0 0 0 4 0 0
1722 10 0 0 4 0 0 1 0 0
1729 36 0 0 24 5 5 0 0 0
1731 4 0 0 0 0 0 0 0 0
1732 48 2 2 8 0 0 0 0 0
1735 12 0 0 0 0 0 0 0 0
1740 2 0 0 0 0 0 0 0 0
1741 6 0 0 0 0 0 0 0 0
1744 4 1 1 0 0 0 0 0 0
1747 4 0 0 2 0 0 0 0 0
1748 8 0 0 2 0 0 0 0 0
1749 2 0 0 2 0 0 0 0 0
1750 8 0 0 2 0 0 0 0 0
1751 6 0 0 2 0 0 0 0 0
1765 135 0 0 105 0 0 0 0 0
fl=/usr/src/debug/glibc-2.28-251.el8_10.2.x86_64/elf/dl-lookup-direct.c
fn=_dl_lookup_direct
74 13 1 1 1 0 0 7 0 0
75 1 0 0 1 0 0 0 0 0
76 2 1 1 0 0 0 0 0 0
78 6 0 0 2 1 0 0 0 0
79 2 0 0 0 0 0 0 0 0
81 4 0 0 1 0 0 1 0 0
84 5 0 0 1 1 1 0 0 0
86 3 0 0 1 0 0 0 0 0
87 6 1 1 1 0 0 1 0 0
90 2 0 0 0 0 0 0 0 0
115 1 0 0 0 0 0 0 0 0
116 9 0 0 7 0 0 0 0 0
fn=check_match
31 5 1 1 0 0 0 5 0 0
32 1 0 0 1 0 0 0 0 0
33 4 0 0 1 0 0 0 0 0
35 2 0 0 1 1 1 0 0 0
36 2 0 0 1 0 0 0 0 0
48 4 1 1 1 0 0 1 0 0
51 1 0 0 1 0 0 0 0 0
53 8 0 0 2 0 0 1 0 0
57 2 0 0 2 1 1 0 0 0
58 6 1 1 2 0 0 0 0 0
59 3 0 0 1 0 0 1 0 0
61 3 0 0 0 0 0 0 0 0
64 7 0 0 6 0 0 0 0 0
fl=/usr/src/debug/glibc-2.28-251.el8_10.2.x86_64/elf/dl-lookup.c
fn=_dl_lookup_symbol_x
592 256 0 0 0 0 0 0 0 0
593 7728 0 0 1900 114 109 0 0 0
594 7088 1 1 0 0 0 0 0 0
609 232 1 1 0 0 0 0 0 0
852 1792 1 1 0 0 0 1024 3 1
854 256 0 0 0 0 0 128 1 0
855 256 0 0 0 0 0 256 1 1
858 128 0 0 128 2 1 0 0 0
862 482 1 1 113 0 0 0 0 0
864 1024 1 1 256 0 0 384 1 1
865 640 0 0 512 5 1 0 0 0
871 328 0 0 24 0 0 0 0 0
872 2164 1 1 756 0 0 896 2 1
877 256 0 0 128 0 0 0 0 0
879 72 1 1 12 0 0 0 0 0
896 12 1 1 0 0 0 12 0 0
897 24 0 0 0 0 0 0 0 0
901 912 1 1 228 0 0 0 0 0
941 464 0 0 116 0 0 0 0 0
955 348 0 0 116 2 0 0 0 0
956 2 1 1 0 0 0 1 0 0
958 348 1 1 116 0 0 0 0 0
963 232 0 0 116 0 0 116 0 0
965 1152 0 0 896 0 0 0 0 0
fn=_dl_setup_hash
972 5 1 1 0 0 0 0 0 0
975 15 0 0 5 0 0 0 0 0
977 5 0 0 5 0 0 0 0 0
979 10 0 0 5 5 5 5 0 0
980 5 0 0 5 0 0 0 0 0
981 5 0 0 5 1 1 0 0 0
983 15 0 0 0 0 0 0 0 0
984 5 1 1 0 0 0 5 0 0
985 15 0 0 5 0 0 5 0 0
987 5 0 0 0 0 0 5 0 0
988 10 0 0 0 0 0 0 0 0
990 5 0 0 0 0 0 5 0 0
992 15 0 0 0 0 0 5 0 0
997 5 0 0 5 0 0 0 0 0
fn=check_match
69 1044 1 1 348 33 29 464 1 1
72 812 1 1 116 10 9 0 0 0
77 116 0 0 0 0 0 0 0 0
85 928 0 0 116 0 0 116 3 2
88 442 0 0 84 0 0 42 0 0
92 116 1 1 116 1 0 0 0 0
93 232 0 0 0 0 0 0 0 0
95 226 0 0 0 0 0 0 0 0
114 226 0 0 226 15 8 0 0 0
115 904 1 1 339 5 0 0 0 0
116 565 1 1 226 1 0 113 1 1
143 6 0 0 0 0 0 0 0 0
145 18 1 1 6 2 2 0 0 0
146 12 0 0 0 0 0 0 0 0
161 696 0 0 580 0 0 0 0 0
fn=do_lookup_x
288 696 1 1 348 0 0 0 0 0
319 45 1 1 27 0 0 0 0 0
362 1664 1 1 256 0 0 1280 5 4
363 128 0 0 128 2 1 0 0 0
368 128 0 0 0 0 0 0 0 0
369 128 0 0 128 0 0 0 0 0
373 1068 1 1 1068 7 1 0 0 0
376 1068 0 0 534 0 0 0 0 0
380 2136 1 1 0 0 0 534 0 0
401 1068 0 0 534 5 0 0 0 0
405 1068 1 1 534 1 0 0 0 0
411 1602 0 0 534 7 4 0 0 0
415 534 0 0 0 0 0 534 0 0
416 534 0 0 0 0 0 534 0 0
419 1602 1 1 1068 17 6 534 0 0
420 1602 0 0 1068 4 1 534 0 0
423 534 0 0 534 0 0 0 0 0
424 1068 0 0 0 0 0 0 0 0
426 534 0 0 534 70 52 0 0 0
427 384 0 0 0 0 0 128 0 0
428 1068 0 0 1068 0 0 0 0 0
431 2670 0 0 1068 0 0 0 0 0
434 3738 0 0 0 0 0 0 0 0
437 254 0 0 254 64 55 0 0 0
438 381 1 1 0 0 0 0 0 0
439 254 0 0 0 0 0 0 0 0
441 250 0 0 125 0 0 0 0 0
444 1200 0 0 240 86 75 0 0 0
446 348 1 1 116 0 0 0 0 0
447 2874 2 2 696 0 0 1071 3 2
448 232 0 0 0 0 0 0 0 0
451 348 0 0 0 0 0 0 0 0
454 372 0 0 0 0 0 0 0 0
462 640 1 1 0 0 0 128 0 0
485 18 1 1 9 0 0 0 0 0
493 232 1 1 116 0 0 0 0 0
544 232 0 0 0 0 0 0 0 0
547 864 0 0 116 0 0 0 0 0
551 48 1 1 16 1 0 0 0 0
563 232 0 0 116 0 0 116 0 0
564 116 0 0 0 0 0 116 0 0
565 116 0 0 0 0 0 0 0 0
582 1254 0 0 0 0 0 0 0 0
585 12 0 0 0 0 0 0 0 0
586 1024 0 0 896 0 0 0 0 0
fl=/usr/src/debug/glibc-2.28-251.el8_10.2.x86_64/elf/dl-minimal.c
fn=__rtld_malloc_init_real
89 8 1 1 0 0 0 5 0 0
99 2 1 1 0 0 0 1 0 0
100 2 0 0 0 0 0 1 0 0
102 1 0 0 0 0 0 1 0 0
104 6 0 0 0 0 0 1 0 0
105 5 0 0 0 0 0 1 0 0
106 5 1 1 0 0 0 1 0 0
107 4 0 0 0 0 0 1 0 0
112 1 0 0 0 0 0 1 1 0
113 1 0 0 0 0 0 1 0 0
114 1 0 0 0 0 0 1 0 0
115 1 0 0 0 0 0 1 0 0
116 7 1 1 6 0 0 0 0 0
fn=__rtld_malloc_init_stubs
55 1 1 1 0 0 0 0 0 0
56 2 1 1 0 0 0 1 1 1
57 2 0 0 0 0 0 1 0 0
58 2 0 0 0 0 0 1 0 0
59 2 0 0 0 0 0 1 0 0
60 1 0 0 1 0 0 0 0 0
fn=lookup_malloc_symbol
74 28 1 1 0 0 0 12 0 0
76 4 0 0 0 0 0 4 0 0
77 32 0 0 4 0 0 12 0 0
81 28 1 1 16 0 0 0 0 0
82 24 0 0 12 0 0 0 0 0
84 4 0 0 0 0 0 4 0 0
85 20 0 0 16 0 0 0 0 0
fn=rtld_calloc
171 20 3 1 0 0 0 0 0 0
175 10 0 0 0 0 0 0 0 0
178 20 0 0 0 0 0 0 0 0
179 30 0 0 0 0 0 0 0 0
fn=rtld_free
188 7 0 0 0 0 0 0 0 0
190 23 0 0 11 0 0 0 0 0
194 5 0 0 1 0 0 1 0 0
195 1 0 0 0 0 0 1 0 0
197 2 0 0 1 0 0 0 0 0
fn=rtld_malloc
128 37 1 1 0 0 0 4 1 1
129 123 0 0 61 0 0 0 0 0
134 3 0 0 0 0 0 1 0 0
135 2 1 1 1 0 0 0 0 0
136 2 1 1 0 0 0 0 0 0
140 93 0 0 0 0 0 31 0 0
143 209 1 1 0 0 0 0 0 0
148 8 0 0 2 0 0 0 0 0
149 8 0 0 0 0 0 0 0 0
151 4 0 0 0 0 0 0 0 0
152 14 2 1 0 0 0 2 0 0
154 4 0 0 0 0 0 0 0 0
156 6 0 0 2 0 0 0 0 0
158 6 0 0 0 0 0 2 0 0
161 31 0 0 0 0 0 31 0 0
162 31 0 0 0 0 0 31 0 0
164 68 0 0 35 0 0 0 0 0
fn=strsep
341 4 1 1 0 0 0 0 0 0
344 12 0 0 4 2 2 0 0 0
346 4 0 0 4 0 0 0 0 0
347 8 0 0 0 0 0 0 0 0
351 1634 0 0 272 0 0 0 0 0
356 810 1 1 0 0 0 0 0 0
358 1620 0 0 405 1 1 0 0 0
366 270 0 0 0 0 0 0 0 0
369 2 0 0 0 0 0 2 0 0
373 4 0 0 4 0 0 0 0 0
fl=/usr/src/debug/glibc-2.28-251.el8_10.2.x86_64/elf/dl-misc.c
fn=_dl_name_match_p
340 216 1 1 0 0 0 72 1 1
341 144 1 1 36 0 0 36 0 0
342 43 0 0 0 0 0 0 0 0
344 36 0 0 36 0 0 0 0 0
346 146 0 0 0 0 0 0 0 0
347 220 0 0 44 0 0 44 0 0
350 37 0 0 37 0 0 0 0 0
352 29 0 0 0 0 0 0 0 0
353 180 1 1 108 0 0 0 0 0
fn=_dl_sysdep_read_whole_file
44 9 1 1 0 0 0 4 0 0
47 3 1 1 0 0 0 1 0 0
48 2 0 0 0 0 0 0 0 0
50 7 1 1 0 0 0 1 0 0
52 2 0 0 1 1 1 1 0 0
55 2 0 0 0 0 0 0 0 0
57 8 1 1 0 0 0 1 0 0
68 3 0 0 0 0 0 1 0 0
71 7 0 0 5 0 0 0 0 0
fl=/usr/src/debug/glibc-2.28-251.el8_10.2.x86_64/elf/dl-object.c
fn=_dl_add_to_namespace_list
31 24 2 1 0 0 0 12 0 0
33 12 2 1 4 0 0 4 0 0
35 31 0 0 4 0 0 0 0 0
38 27 0 0 9 0 0 0 0 0
40 3 1 0 0 0 0 3 0 0
42 3 0 0 0 0 0 3 0 0
45 2 0 0 0 0 0 1 0 0
46 12 1 1 4 0 0 0 0 0
47 8 0 0 4 1 1 4 0 0
48 8 0 0 0 0 0 4 0 0
50 8 0 0 4 0 0 0 0 0
51 12 0 0 12 0 0 0 0 0
fn=_dl_new_object
59 60 1 1 0 0 0 36 3 3
62 8 1 1 0 0 0 0 0 0
64 2 1 1 0 0 0 0 0 0
66 3 1 1 1 0 0 0 0 0
67 6 0 0 0 0 0 0 0 0
71 2 0 0 0 0 0 0 0 0
77 1 1 1 0 0 0 0 0 0
80 28 0 0 3 0 0 7 0 0
95 8 0 0 0 0 0 0 0 0
98 4 0 0 0 0 0 4 4 4
99 12 0 0 4 0 0 4 4 4
103 8 0 0 0 0 0 4 0 0
104 28 1 1 8 0 0 12 2 2
106 4 0 0 0 0 0 4 0 0
119 21 0 0 14 0 0 0 0 0
125 1 0 0 0 0 0 0 0 0
127 28 1 1 8 4 4 8 1 1
130 8 0 0 4 0 0 0 0 0
131 11 1 1 0 0 0 4 4 4
132 4 0 0 0 0 0 4 0 0
136 4 0 0 0 0 0 4 0 0
139 61 0 0 0 0 0 0 0 0
141 16 1 1 0 0 0 16 4 4
149 8 0 0 0 0 0 4 2 2
150 4 0 0 0 0 0 4 4 4
153 1 1 1 0 0 0 0 0 0
155 24 1 1 4 1 1 0 0 0
157 9 0 0 0 0 0 3 2 2
160 10 0 0 0 0 0 0 0 0
164 9 0 0 3 0 0 0 0 0
168 15 1 0 0 0 0 0 0 0
170 1 0 0 0 0 0 0 0 0
176 1 1 1 0 0 0 1 0 0
179 8 0 0 0 0 0 4 0 0
189 16 0 0 8 0 0 0 0 0
191 12 0 0 0 0 0 6 0 0
195 9 0 0 0 0 0 0 0 0
200 9 0 0 0 0 0 0 0 0
208 3 0 0 0 0 0 0 0 0
212 3 0 0 0 0 0 0 0 0
245 62 1 0 6 0 0 3 0 0
250 53 0 0 0 0 0 0 0 0
251 106 0 0 53 0 0 0 0 0
253 6 0 0 0 0 0 0 0 0
256 3 0 0 0 0 0 3 0 0
259 3 0 0 0 0 0 3 0 0
263 36 1 1 28 0 0 0 0 0
fl=/usr/src/debug/glibc-2.28-251.el8_10.2.x86_64/elf/dl-reloc.c
fn=_dl_protect_relro
348 10 2 2 0 0 0 5 0 0
349 30 0 0 15 1 0 0 0 0
352 15 0 0 5 0 0 0 0 0
356 10 0 0 0 0 0 0 0 0
357 35 0 0 0 0 0 5 0 0
363 10 0 0 10 0 0 0 0 0
fn=_dl_relocate_object
167 66 1 1 0 0 0 48 0 0
168 12 1 1 6 0 0 0 0 0
180 10 0 0 0 0 0 0 0 0
181 15 0 0 0 0 0 5 0 0
184 15 0 0 0 0 0 5 0 0
186 15 0 0 0 0 0 0 0 0
188 5 0 0 5 0 0 0 0 0
189 15 0 0 5 0 0 0 0 0
211 25 1 1 10 0 0 0 0 0
212 10 1 1 5 4 0 0 0 0
213 3 0 0 0 0 0 0 0 0
215 10 0 0 0 0 0 0 0 0
222 20 1 1 5 2 0 5 0 0
266 15 1 1 10 0 0 5 0 0
294 223 5 5 84 16 0 43 0 0
297 30 1 1 10 0 0 0 0 0
321 5 0 0 5 0 0 0 0 0
324 10 0 0 5 0 0 0 0 0
341 10 0 0 5 5 0 0 0 0
342 10 1 1 0 0 0 5 0 0
343 48 0 0 42 1 0 0 0 0
fl=/usr/src/debug/glibc-2.28-251.el8_10.2.x86_64/elf/dl-runtime.c
fn=_dl_fixup
45 28 1 1 0 0 0 16 1 1
47 4 1 1 4 0 0 0 0 0
48 8 0 0 8 1 1 0 0 0
53 4 0 0 4 1 1 0 0 0
54 12 0 0 4 1 1 0 0 0
55 28 0 0 8 3 2 4 0 0
57 12 0 0 8 0 0 0 0 0
62 8 0 0 0 0 0 0 0 0
66 8 0 0 4 1 1 0 0 0
68 12 0 0 3 0 0 0 0 0
70 12 1 1 4 1 1 0 0 0
74 6 0 0 6 0 0 0 0 0
75 12 0 0 3 0 0 0 0 0
83 4 0 0 0 0 0 0 0 0
84 12 1 1 4 0 0 0 0 0
94 40 0 0 8 1 1 12 1 1
98 20 0 0 12 0 0 0 0 0
108 40 1 1 16 1 1 4 0 0
123 16 0 0 4 0 0 0 0 0
124 2 0 0 0 0 0 1 0 0
132 12 0 0 4 0 0 0 0 0
149 8 1 1 4 0 0 0 0 0
158 12 1 1 4 1 1 0 0 0
162 24 0 0 20 0 0 0 0 0
fl=/usr/src/debug/glibc-2.28-251.el8_10.2.x86_64/elf/dl-sort-maps.c
fn=_dl_sort_maps
187 4 2 2 2 0 0 0 0 0
188 36 2 2 0 0 0 2 0 0
189 30 0 0 20 0 0 0 0 0
216 36 2 2 4 1 1 4 0 0
221 8 0 0 2 0 0 2 0 0
223 2 0 0 0 0 0 2 0 0
224 14 2 2 0 0 0 0 0 0
226 24 0 0 0 0 0 0 0 0
228 40 0 0 10 0 0 10 0 0
231 22 0 0 10 0 0 0 0 0
249 4 0 0 2 0 0 0 0 0
268 8 1 1 4 0 0 2 0 0
281 12 0 0 2 0 0 0 0 0
288 2 2 2 0 0 0 0 0 0
312 26 2 2 0 0 0 14 1 1
320 6 0 0 2 1 1 0 0 0
324 16 0 0 14 0 0 0 0 0
fn=_dl_sort_maps_init
303 2 1 1 0 0 0 0 0 0
304 4 0 0 0 0 0 1 0 0
305 1 0 0 0 0 0 1 1 1
306 3 0 0 1 0 0 0 0 0
307 2 0 0 1 0 0 0 0 0
fn=dfs_traversal
142 70 2 2 0 0 0 40 1 1
145 30 2 2 10 0 0 0 0 0
148 30 0 0 0 0 0 10 0 0
150 30 0 0 10 2 2 0 0 0
152 96 0 0 24 3 3 0 0 0
155 34 0 0 17 0 0 0 0 0
161 35 3 3 5 0 0 0 0 0
176 30 0 0 10 0 0 10 0 0
177 10 0 0 0 0 0 10 0 0
178 60 0 0 50 0 0 0 0 0
fl=/usr/src/debug/glibc-2.28-251.el8_10.2.x86_64/elf/dl-tunables.c
fn=__GI___tunables_init
69 535 0 0 107 0 0 0 0 0
72 106 0 0 0 0 0 0 0 0
75 10618 1 1 1532 65 65 0 0 0
79 212 0 0 0 0 0 0 0 0
84 318 1 1 0 0 0 106 1 1
280 4 0 0 1 0 0 0 0 0
289 9 1 1 0 0 0 6 0 0
297 212 0 0 0 0 0 0 0 0
312 13674 2 2 0 0 0 0 0 0
318 16960 0 0 6784 0 0 0 0 0
330 424 1 1 106 0 0 0 0 0
364 8 0 0 7 0 0 0 0 0
fn=__tunable_get_val
412 14 2 1 0 0 0 0 0 0
415 154 2 1 14 1 0 0 0 0
419 40 0 0 10 1 0 10 0 0
424 2 1 1 1 0 0 1 0 0
425 1 0 0 0 0 0 0 0 0
434 6 0 0 3 0 0 3 0 0
435 3 0 0 0 0 0 0 0 0
441 70 1 0 14 0 0 0 0 0
443 14 0 0 14 0 0 0 0 0
fl=/usr/src/debug/glibc-2.28-251.el8_10.2.x86_64/elf/dl-tunables.h
fn=__GI___tunables_init
124 4451 0 0 2067 8 8 0 0 0
125 4542 0 0 0 0 0 0 0 0
fl=/usr/src/debug/glibc-2.28-251.el8_10.2.x86_64/elf/dl-version.c
fn=_dl_check_all_versions
362 6 1 1 0 0 0 4 0 0
364 2 0 0 0 0 0 0 0 0
366 20 0 0 5 0 0 0 0 0
368 50 1 1 5 0 0 5 0 0
371 7 0 0 5 0 0 0 0 0
fn=_dl_check_map_versions
37 56 0 0 8 0 0 0 0 0
38 14 0 0 14 0 0 0 0 0
39 90 1 1 0 0 0 18 0 0
57 14 0 0 14 0 0 0 0 0
65 21 0 0 7 0 0 0 0 0
71 21 1 1 7 1 0 0 0 0
87 7 0 0 7 1 0 0 0 0
88 14 0 0 0 0 0 0 0 0
90 7 0 0 7 0 0 0 0 0
95 145 0 0 55 11 10 7 0 0
109 110 0 0 55 6 6 0 0 0
111 7 1 1 7 0 0 0 0 0
114 60 1 1 18 0 0 7 0 0
121 144 1 1 48 4 4 0 0 0
125 48 0 0 0 0 0 0 0 0
143 20 1 1 0 0 0 12 0 0
156 40 1 1 0 0 0 30 0 0
157 5 0 0 0 0 0 5 0 0
165 5 1 1 0 0 0 0 0 0
171 15 0 0 5 0 0 0 0 0
173 15 0 0 5 0 0 10 0 0
175 10 0 0 5 1 0 5 0 0
176 20 1 1 5 0 0 10 0 0
178 10 0 0 0 0 0 0 0 0
181 9 1 1 6 0 0 3 0 0
185 15 0 0 3 1 1 0 0 0
199 1 0 0 0 0 0 0 0 0
201 12 0 0 12 0 0 0 0 0
209 12 0 0 4 0 0 0 0 0
210 3 1 1 0 0 0 0 0 0
214 12 0 0 8 1 1 0 0 0
218 68 1 1 51 0 0 7 0 0
220 7 0 0 7 0 0 0 0 0
222 17 0 0 7 1 1 7 0 0
225 28 1 1 7 0 0 0 0 0
228 21 0 0 7 0 0 0 0 0
233 3 0 0 0 0 0 0 0 0
237 16 0 0 8 0 0 0 0 0
242 2 0 0 0 0 0 1 0 0
251 17 0 0 5 0 0 0 0 0
254 12 0 0 9 0 0 0 0 0
257 184 0 0 46 4 4 0 0 0
260 138 0 0 46 2 2 0 0 0
264 43 0 0 0 0 0 0 0 0
268 8 1 1 0 0 0 0 0 0
273 4 0 0 0 0 0 4 0 0
274 8 0 0 0 0 0 0 0 0
275 8 0 0 0 0 0 0 0 0
285 4 0 0 0 0 0 4 0 0
288 12 1 1 8 1 0 4 0 0
290 12 0 0 4 0 0 0 0 0
293 9 0 0 9 0 0 0 0 0
295 1 0 0 0 0 0 0 0 0
297 12 0 0 4 0 0 0 0 0
300 21 0 0 7 0 0 0 0 0
302 21 1 1 0 0 0 0 0 0
304 35 0 0 7 0 0 7 0 0
305 21 0 0 0 0 0 7 4 4
306 21 0 0 7 0 0 7 1 1
307 21 0 0 7 0 0 7 0 0
310 21 0 0 7 0 0 0 0 0
315 3 0 0 0 0 0 0 0 0
318 12 1 1 4 0 0 0 0 0
323 1 0 0 0 0 0 0 0 0
328 12 1 1 4 0 0 0 0 0
331 12 1 1 9 0 0 0 0 0
335 43 0 0 43 0 0 0 0 0
337 92 0 0 46 0 0 0 0 0
341 43 0 0 43 0 0 0 0 0
342 215 0 0 43 0 0 43 12 12
343 129 0 0 43 0 0 43 0 0
344 43 0 0 0 0 0 43 5 5
347 141 0 0 46 0 0 0 0 0
351 43 0 0 0 0 0 0 0 0
357 45 0 0 40 0 0 0 0 0
fl=/usr/src/debug/glibc-2.28-251.el8_10.2.x86_64/elf/do-rel.h
fn=_dl_relocate_object
48 10 0 0 0 0 0 0 0 0
49 20 1 1 0 0 0 10 0 0
50 10 0 0 10 1 0 0 0 0
52 6 0 0 0 0 0 4 0 0
53 7 2 2 0 0 0 5 1 0
60 20 0 0 0 0 0 0 0 0
63 34 1 1 2 0 0 0 0 0
65 24 1 1 6 2 2 0 0 0
76 4 0 0 0 0 0 0 0 0
77 4 0 0 0 0 0 0 0 0
85 16 0 0 8 0 0 8 0 0
86 8 1 1 8 0 0 0 0 0
88 32 0 0 16 0 0 0 0 0
100 24 0 0 0 0 0 0 0 0
110 14 1 1 1 1 1 0 0 0
113 3672 1 1 0 0 0 0 0 0
114 2438 1 1 1219 154 153 0 0 0
120 24 0 0 8 6 0 0 0 0
123 14 0 0 7 3 0 7 1 0
126 611 0 0 206 0 0 0 0 0
128 995 0 0 597 109 102 0 0 0
129 796 0 0 199 0 0 199 0 0
130 597 0 0 398 1 0 199 0 0
131 796 0 0 199 1 0 0 0 0
133 597 1 1 0 0 0 0 0 0
135 260 2 2 65 0 0 65 0 0
138 130 0 0 0 0 0 65 0 0
142 134 0 0 0 0 0 134 0 0
145 268 0 0 0 0 0 0 0 0
146 84 2 2 28 1 0 0 0 0
158 20 0 0 8 0 0 0 0 0
159 249 1 1 3 0 0 0 0 0
160 234 0 0 78 0 0 0 0 0
163 195 1 1 130 0 0 0 0 0
164 195 0 0 65 0 0 65 0 0
165 65 0 0 0 0 0 0 0 0
166 65 0 0 65 0 0 0 0 0
167 130 0 0 65 0 0 0 0 0
175 27 0 0 9 0 0 2 0 0
177 42 0 0 12 2 2 6 0 0
178 12 1 1 12 0 0 0 0 0
180 18 0 0 0 0 0 0 0 0
188 6 0 0 0 0 0 6 0 0
191 12 0 0 0 0 0 0 0 0
205 2 0 0 0 0 0 0 0 0
fn=_dl_start
85 1 0 0 1 0 0 0 0 0
86 1 0 0 1 0 0 0 0 0
113 153 0 0 0 0 0 0 0 0
114 100 0 0 50 8 8 0 0 0
118 2 0 0 1 0 0 0 0 0
126 21 0 0 0 0 0 0 0 0
128 18 1 1 6 2 2 0 0 0
129 12 0 0 0 0 0 0 0 0
130 12 0 0 6 0 0 0 0 0
fl=/usr/src/debug/glibc-2.28-251.el8_10.2.x86_64/elf/get-dynamic-info.h
fn=_dl_map_object_from_fd
42 3 0 0 0 0 0 0 0 0
46 3 0 0 0 0 0 0 0 0
48 237 0 0 79 23 23 0 0 0
50 152 0 0 0 0 0 0 0 0
63 79 1 1 0 0 0 0 0 0
64 127 0 0 0 0 0 73 19 19
65 12 0 0 0 0 0 0 0 0
67 3 0 0 0 0 0 0 0 0
68 15 0 0 0 0 0 0 0 0
70 3 1 1 0 0 0 0 0 0
71 12 1 1 0 0 0 0 0 0
72 3 0 0 0 0 0 0 0 0
73 12 1 1 0 0 0 3 0 0
74 76 0 0 0 0 0 0 0 0
81 6 2 2 0 0 0 0 0 0
101 11 0 0 5 0 0 0 0 0
102 12 0 0 6 0 0 0 0 0
103 12 0 0 6 0 0 0 0 0
104 12 0 0 6 0 0 0 0 0
106 12 1 1 6 0 0 0 0 0
111 12 0 0 6 0 0 0 0 0
112 11 0 0 5 1 1 0 0 0
113 12 0 0 6 0 0 0 0 0
118 9 0 0 3 0 0 0 0 0
123 6 1 1 3 0 0 0 0 0
130 6 0 0 3 0 0 0 0 0
131 9 0 0 6 0 0 0 0 0
149 9 0 0 3 0 0 0 0 0
154 4 0 0 2 0 0 2 0 0
156 4 0 0 0 0 0 0 0 0
158 4 0 0 0 0 0 0 0 0
160 4 0 0 0 0 0 0 0 0
161 2 0 0 0 0 0 2 0 0
163 9 1 1 3 0 0 0 0 0
165 9 0 0 3 0 0 3 0 0
166 6 0 0 0 0 0 0 0 0
175 9 1 1 6 0 0 0 0 0
176 9 1 1 0 0 0 0 0 0
180 6 0 0 0 0 0 0 0 0
181 4 0 0 2 0 0 2 0 0
183 6 0 0 3 0 0 0 0 0
fn=_dl_start
48 63 1 1 21 6 6 0 0 0
50 40 0 0 0 0 0 0 0 0
63 25 0 0 0 0 0 0 0 0
64 34 0 0 0 0 0 19 7 7
65 4 1 1 0 0 0 0 0 0
67 2 1 1 0 0 0 0 0 0
68 5 1 1 0 0 0 0 0 0
70 3 0 0 0 0 0 0 0 0
71 5 1 1 0 0 0 0 0 0
72 1 1 1 0 0 0 0 0 0
73 5 0 0 0 0 0 1 1 1
74 20 0 0 0 0 0 0 0 0
81 2 0 0 0 0 0 0 0 0
101 4 0 0 2 0 0 0 0 0
102 4 1 1 2 0 0 0 0 0
103 4 0 0 2 0 0 0 0 0
104 4 0 0 2 0 0 0 0 0
106 4 0 0 2 0 0 0 0 0
111 4 1 1 2 0 0 0 0 0
112 4 0 0 2 0 0 0 0 0
113 4 0 0 2 0 0 0 0 0
118 3 0 0 1 0 0 0 0 0
123 2 0 0 1 0 0 0 0 0
130 3 1 1 1 0 0 0 0 0
131 3 0 0 2 0 0 0 0 0
139 5 0 0 2 0 0 0 0 0
142 3 1 1 1 0 0 0 0 0
146 2 0 0 1 0 0 0 0 0
147 2 0 0 1 0 0 0 0 0
fn=dl_main
33 1 0 0 1 0 0 0 0 0
42 2 1 1 0 0 0 0 0 0
46 1 0 0 0 0 0 0 0 0
48 78 0 0 26 8 8 0 0 0
50 50 0 0 0 0 0 0 0 0
63 17 0 0 0 0 0 0 0 0
64 35 0 0 0 0 0 24 6 6
65 4 1 1 0 0 0 0 0 0
67 1 1 1 0 0 0 0 0 0
68 5 1 1 0 0 0 0 0 0
70 1 0 0 0 0 0 0 0 0
71 5 1 1 0 0 0 0 0 0
72 1 0 0 0 0 0 0 0 0
73 4 0 0 0 0 0 1 0 0
74 25 0 0 0 0 0 0 0 0
81 3 0 0 1 0 0 0 0 0
118 3 1 1 1 0 0 0 0 0
123 2 0 0 1 0 0 0 0 0
130 2 0 0 1 0 0 0 0 0
131 3 1 1 2 0 0 0 0 0
149 3 0 0 1 0 0 0 0 0
163 3 1 1 1 0 0 0 0 0
183 2 1 1 1 0 0 0 0 0
fl=/usr/src/debug/glibc-2.28-251.el8_10.2.x86_64/elf/rtld.c
fn=_dl_start
71 8 0 0 0 0 0 2 1 1
471 2 0 0 0 0 0 1 0 0
472 2 1 1 0 0 0 1 0 0
473 2 0 0 0 0 0 1 1 1
474 2 0 0 0 0 0 1 0 0
475 2 0 0 0 0 0 1 0 0
484 1 0 0 0 0 0 1 0 0
490 4 1 0 0 0 0 1 0 0
492 2 1 0 1 0 0 0 0 0
504 10 2 2 0 0 0 6 1 1
545 1 0 0 0 0 0 1 0 0
548 1 0 0 0 0 0 1 1 1
559 2 0 0 0 0 0 0 0 0
564 25 2 2 9 0 0 0 0 0
566 1 1 1 1 1 1 0 0 0
579 1 0 0 0 0 0 1 1 1
594 9 0 0 7 2 0 0 0 0
fn=dl_main
71 16 2 2 0 0 0 0 0 0
78 13 1 1 0 0 0 0 0 0
79 2 1 1 0 0 0 1 0 0
87 7 0 0 3 0 0 0 0 0
192 1 0 0 0 0 0 1 0 0
193 1 0 0 0 0 0 1 0 0
194 1 0 0 0 0 0 1 1 1
219 2 1 1 2 1 1 0 0 0
220 2 0 0 2 0 0 0 0 0
221 4 0 0 0 0 0 0 0 0
291 1 0 0 0 0 0 1 0 0
292 1 0 0 0 0 0 1 0 0
293 1 0 0 0 0 0 1 0 0
294 1 0 0 0 0 0 1 0 0
295 1 1 1 0 0 0 1 0 0
296 1 0 0 0 0 0 1 0 0
297 1 0 0 0 0 0 1 0 0
298 2 0 0 0 0 0 1 0 0
864 1 0 0 1 0 0 0 0 0
866 1 0 0 0 0 0 1 0 0
875 1 0 0 0 0 0 1 0 0
877 1 0 0 0 0 0 1 0 0
882 1 0 0 0 0 0 1 0 0
1191 14 1 1 0 0 0 8 1 1
1196 1 0 0 0 0 0 1 0 0
1199 1 0 0 0 0 0 1 0 0
1205 2 0 0 0 0 0 1 1 1
1209 2 1 1 0 0 0 1 1 1
1210 2 0 0 0 0 0 1 0 0
1215 2 0 0 0 0 0 1 0 0
1221 1 0 0 0 0 0 1 0 0
1223 4 0 0 2 0 0 1 0 0
1224 4 1 1 2 0 0 0 0 0
1491 8 2 2 0 0 0 1 0 0
1493 2 0 0 0 0 0 0 0 0
1494 1 0 0 0 0 0 1 1 1
1495 2 0 0 1 0 0 1 0 0
1496 3 0 0 2 0 0 1 0 0
1500 3 1 1 0 0 0 1 0 0
1501 2 0 0 1 0 0 0 0 0
1522 1 0 0 0 0 0 1 0 0
1523 1 0 0 0 0 0 1 0 0
1525 2 1 1 0 0 0 1 0 0
1527 1 0 0 1 0 0 0 0 0
1530 33 0 0 1 0 0 0 0 0
1531 74 2 2 9 4 4 0 0 0
1535 3 1 1 2 0 0 1 0 0
1536 1 0 0 0 0 0 0 0 0
1540 3 1 1 2 0 0 1 0 0
1541 1 0 0 0 0 0 0 0 0
1549 2 0 0 0 0 0 1 0 0
1550 2 0 0 2 1 1 0 0 0
1552 1 0 0 0 0 0 1 0 0
1559 3 1 1 1 0 0 0 0 0
1571 1 0 0 0 0 0 1 0 0
1577 2 0 0 0 0 0 1 0 0
1585 4 0 0 2 0 0 0 0 0
1586 11 1 1 5 1 1 1 0 0
1587 4 1 1 2 0 0 0 0 0
1588 1 0 0 0 0 0 1 0 0
1591 4 0 0 2 1 1 0 0 0
1592 4 0 0 2 0 0 0 0 0
1593 2 0 0 0 0 0 2 0 0
1594 6 0 0 3 0 0 0 0 0
1595 2 0 0 0 0 0 1 0 0
1622 2 0 0 1 0 0 1 0 0
1626 2 0 0 1 0 0 1 0 0
1627 2 0 0 1 0 0 1 0 0
1628 1 0 0 0 0 0 0 0 0
1639 5 1 1 3 1 1 0 0 0
1642 2 0 0 0 0 0 0 0 0
1644 2 0 0 0 0 0 0 0 0
1646 2 0 0 1 0 0 0 0 0
1659 3 1 1 1 0 0 0 0 0
1660 6 0 0 2 0 0 1 0 0
1662 3 0 0 3 0 0 0 0 0
1665 1 1 1 0 0 0 1 0 0
1667 1 0 0 0 0 0 1 1 1
1668 1 0 0 0 0 0 1 0 0
1670 2 0 0 1 0 0 0 0 0
1671 2 0 0 0 0 0 1 0 0
1675 2 0 0 1 0 0 0 0 0
1677 2 0 0 1 0 0 0 0 0
1685 3 0 0 1 0 0 0 0 0
1692 2 1 1 0 0 0 1 0 0
1695 2 0 0 1 0 0 0 0 0
1711 4 2 1 0 0 0 1 0 0
1717 9 2 2 1 0 0 2 0 0
1725 4 0 0 1 0 0 2 0 0
1727 1 0 0 0 0 0 1 0 0
1732 2 1 1 1 0 0 0 0 0
1735 4 1 1 2 0 0 1 0 0
1736 4 0 0 1 0 0 1 0 0
1737 2 0 0 0 0 0 1 0 0
1738 1 0 0 0 0 0 1 0 0
1739 1 0 0 1 0 0 0 0 0
1740 1 1 1 1 0 0 0 0 0
1745 2 0 0 1 0 0 0 0 0
1746 5 0 0 1 0 0 1 0 0
1763 2 0 0 1 1 1 0 0 0
1764 2 1 1 1 0 0 0 0 0
1766 2 0 0 1 0 0 0 0 0
1768 1 0 0 0 0 0 1 0 0
1769 3 0 0 1 0 0 1 1 1
1774 5 1 1 0 0 0 0 0 0
1775 5 0 0 1 1 1 0 0 0
1777 2 1 1 1 0 0 1 0 0
1778 2 0 0 1 0 0 1 1 1
1783 2 0 0 1 1 1 0 0 0
1792 2 1 1 1 0 0 0 0 0
1796 2 0 0 0 0 0 0 0 0
1797 2 0 0 1 0 0 0 0 0
1821 2 2 2 0 0 0 2 0 0
1829 3 0 0 1 0 0 0 0 0
1832 2 0 0 1 0 0 1 0 0
1836 3 0 0 1 0 0 0 0 0
1841 2 0 0 1 0 0 1 0 0
1842 1 1 1 0 0 0 1 0 0
1843 1 0 0 0 0 0 0 0 0
1847 3 0 0 0 0 0 1 0 0
1852 3 0 0 2 0 0 0 0 0
1854 1 0 0 0 0 0 0 0 0
1856 2 0 0 1 0 0 0 0 0
1860 5 0 0 1 0 0 1 0 0
1865 2 0 0 1 0 0 0 0 0
1881 5 1 1 0 0 0 1 0 0
1957 4 0 0 2 0 0 0 0 0
1961 19 3 3 1 0 0 0 0 0
1962 2 0 0 0 0 0 0 0 0
1965 3 0 0 0 0 0 1 0 0
1966 1 0 0 1 0 0 0 0 0
1967 2 0 0 0 0 0 0 0 0
1968 2 1 1 0 0 0 0 0 0
1973 3 0 0 1 0 0 0 0 0
1983 8 0 0 1 0 0 1 0 0
1989 18 0 0 1 0 0 0 0 0
1990 18 1 1 11 0 0 0 0 0
1993 4 0 0 3 0 0 1 0 0
1994 3 1 1 1 0 0 0 0 0
1995 1 0 0 0 0 0 1 0 0
1997 13 1 1 0 0 0 0 0 0
1998 18 0 0 5 0 0 0 0 0
2008 2 1 1 0 0 0 1 0 0
2010 2 0 0 1 0 0 1 0 0
2011 2 1 1 0 0 0 0 0 0
2013 2 0 0 0 0 0 1 0 0
2015 3 0 0 0 0 0 0 0 0
2017 3 0 0 1 0 0 0 0 0
2018 1 0 0 1 0 0 0 0 0
2019 2 0 0 0 0 0 0 0 0
2031 2 1 1 0 0 0 0 0 0
2032 2 0 0 0 0 0 1 0 0
2033 3 0 0 1 0 0 0 0 0
2036 2 1 1 1 0 0 0 0 0
2044 4 0 0 0 0 0 1 0 0
2045 4 0 0 0 0 0 1 0 0
2046 5 1 1 0 0 0 1 0 0
2056 2 0 0 1 0 0 1 0 0
2057 2 0 0 1 0 0 0 0 0
2058 4 1 1 0 0 0 2 0 0
2060 2 0 0 0 0 0 0 0 0
2065 3 0 0 1 0 0 0 0 0
2295 3 1 1 1 0 0 0 0 0
2351 1 0 0 0 0 0 1 0 0
2355 2 0 0 1 0 0 1 0 0
2359 2 0 0 1 0 0 1 0 0
2362 2 0 0 0 0 0 0 0 0
2370 1 1 1 1 0 0 0 0 0
2421 3 0 0 1 0 0 0 0 0
2424 3 0 0 1 0 0 1 0 0
2426 3 0 0 1 0 0 0 0 0
2427 6 1 1 1 0 0 1 0 0
2433 1 0 0 1 0 0 0 0 0
2434 19 0 0 0 0 0 0 0 0
2436 15 0 0 10 2 0 0 0 0
2441 10 0 0 10 5 0 0 0 0
2443 12 1 1 0 0 0 0 0 0
2445 1 1 1 0 0 0 1 1 0
2446 1 0 0 1 0 0 0 0 0
2449 5 0 0 5 0 0 0 0 0
2451 15 0 0 0 0 0 0 0 0
2452 32 0 0 8 3 0 4 0 0
2456 12 1 1 6 1 0 0 0 0
2457 3 0 0 0 0 0 1 0 0
2465 2 0 0 1 0 0 0 0 0
2470 4 0 0 2 2 0 0 0 0
2472 1 0 0 1 0 0 0 0 0
2479 4 1 1 1 1 0 1 0 0
2482 2 0 0 1 0 0 0 0 0
2491 3 0 0 2 1 0 0 0 0
2493 4 1 1 1 0 0 0 0 0
2505 2 0 0 0 0 0 1 0 0
2511 1 0 0 1 0 0 0 0 0
2512 5 0 0 1 0 0 1 0 0
2520 3 0 0 1 1 0 1 0 0
2527 1 0 0 0 0 0 1 0 0
2531 3 0 0 0 0 0 1 0 0
2536 4 0 0 0 0 0 1 0 0
2537 1 0 0 0 0 0 1 0 0
2538 1 0 0 0 0 0 1 0 0
2539 1 0 0 0 0 0 0 0 0
2543 1 0 0 0 0 0 1 0 0
2548 8 0 0 7 1 0 0 0 0
2681 2 1 1 1 0 0 1 1 1
2683 1 0 0 0 0 0 0 0 0
2689 8 1 1 1 0 0 2 1 1
2691 16 0 0 4 0 0 4 1 1
2693 3 0 0 0 0 0 0 0 0
2695 153 0 0 30 0 0 0 0 0
2696 27 1 1 0 0 0 0 0 0
2698 6 0 0 0 0 0 0 0 0
2704 20 0 0 3 1 1 1 0 0
2716 3 0 0 0 0 0 1 0 0
2725 2 1 1 1 0 0 0 0 0
2732 6 0 0 3 0 0 0 0 0
2734 2 0 0 0 0 0 1 0 0
2735 1 0 0 0 0 0 0 0 0
2745 3 1 1 1 0 0 0 0 0
2750 3 0 0 1 0 0 0 0 0
2780 3 1 1 1 0 0 0 0 0
2781 5 2 2 2 0 0 0 0 0
2783 2 0 0 0 0 0 1 0 0
2784 2 0 0 0 0 0 1 0 0
2785 1 0 0 0 0 0 0 0 0
2851 3 1 1 1 0 0 0 0 0
2883 2 0 0 0 0 0 0 0 0
fn=do_preload
815 6 1 1 0 0 0 3 0 0
817 1 0 0 0 0 0 1 0 0
821 1 0 0 0 0 0 1 0 0
822 1 0 0 0 0 0 1 0 0
823 1 0 0 0 0 0 1 0 0
825 1 0 0 1 0 0 0 0 0
827 6 1 1 0 0 0 1 0 0
828 3 0 0 1 0 0 0 0 0
836 3 0 0 1 0 0 0 0 0
842 5 0 0 4 0 0 0 0 0
fn=dso_name_valid_for_suid
177 4 1 1 0 0 0 2 0 0
178 3 1 1 1 0 0 0 0 0
186 2 0 0 1 0 0 0 0 0
187 5 0 0 3 0 0 0 0 0
fn=handle_preload_list
896 15 1 1 1 1 1 6 0 0
897 1 0 0 0 0 0 0 0 0
901 4 0 0 2 0 0 0 0 0
904 4 1 1 0 0 0 1 0 0
905 3 0 0 0 0 0 0 0 0
907 4 1 1 0 0 0 1 0 0
908 2 0 0 0 0 0 1 0 0
914 1 0 0 0 0 0 0 0 0
916 2 0 0 1 0 0 0 0 0
918 4 0 0 0 0 0 1 0 0
919 5 0 0 0 0 0 1 0 0
922 9 0 0 7 0 0 0 0 0
fn=init_tls
743 3 1 1 0 0 0 2 0 0
745 2 0 0 1 0 0 1 0 0
749 3 0 0 1 1 1 0 0 0
755 2 0 0 0 0 0 1 0 0
758 1 0 0 0 0 0 1 0 0
759 2 0 0 0 0 0 0 0 0
764 1 0 0 0 0 0 0 0 0
766 1 0 0 0 0 0 1 0 0
770 2 1 1 1 1 1 0 0 0
771 3 0 0 0 0 0 0 0 0
772 13 0 0 1 0 0 0 0 0
773 5 0 0 5 0 0 0 0 0
774 15 1 1 5 0 0 0 0 0
778 2 0 0 0 0 0 1 1 1
780 3 0 0 0 0 0 0 0 0
782 2 0 0 1 0 0 0 0 0
785 2 0 0 0 0 0 1 0 0
788 1 0 0 0 0 0 1 0 0
795 2 1 1 0 0 0 1 0 0
796 2 0 0 0 0 0 0 0 0
802 2 0 0 1 0 0 1 0 0
805 7 0 0 0 0 0 2 0 0
808 1 0 0 0 0 0 1 0 0
811 5 0 0 3 0 0 0 0 0
fn=map_doit
650 3 1 1 0 0 0 1 0 0
652 4 0 0 1 0 0 0 0 0
653 6 1 1 2 0 0 2 1 1
655 2 0 0 2 0 0 0 0 0
fn=rtld_lock_default_lock_recursive
848 6 3 1 0 0 0 0 0 0
849 6 0 0 6 2 1 0 0 0
850 6 0 0 6 0 0 0 0 0
fn=rtld_lock_default_unlock_recursive
854 6 5 1 0 0 0 0 0 0
855 6 0 0 6 0 0 0 0 0
856 6 0 0 6 0 0 0 0 0
fn=version_check_doit
683 3 1 1 0 0 0 1 0 0
685 6 0 0 2 0 0 1 0 0
689 2 0 0 2 0 0 0 0 0
fl=/usr/src/debug/glibc-2.28-251.el8_10.2.x86_64/elf/setup-vdso.h
fn=dl_main
24 2 0 0 1 0 0 0 0 0
fl=/usr/src/debug/glibc-2.28-251.el8_10.2.x86_64/io/../sysdeps/unix/sysv/linux/access.c
fn=access
25 1 0 0 0 0 0 0 0 0
27 7 0 0 0 0 0 1 0 0
31 1 0 0 1 0 0 0 0 0
fl=/usr/src/debug/glibc-2.28-251.el8_10.2.x86_64/io/../sysdeps/unix/sysv/linux/close_nocancel.c
fn=__GI___close_nocancel
25 4 1 1 0 0 0 0 0 0
26 16 0 0 0 0 0 0 0 0
27 4 0 0 4 0 0 0 0 0
fl=/usr/src/debug/glibc-2.28-251.el8_10.2.x86_64/io/../sysdeps/unix/sysv/linux/lseek64.c
fn=lseek
28 3 1 1 0 0 0 0 0 0
36 12 1 1 0 0 0 0 0 0
38 3 0 0 3 0 0 0 0 0
fl=/usr/src/debug/glibc-2.28-251.el8_10.2.x86_64/io/../sysdeps/unix/sysv/linux/open64_nocancel.c
fn=__open_nocancel
34 32 1 1 0 0 0 16 0 0
37 112 0 0 0 0 0 0 0 0
45 148 2 2 0 0 0 12 0 0
47 16 0 0 16 0 0 0 0 0
fl=/usr/src/debug/glibc-2.28-251.el8_10.2.x86_64/io/../sysdeps/unix/sysv/linux/read_nocancel.c
fn=__read_nocancel
25 6 1 1 0 0 0 0 0 0
26 24 0 0 0 0 0 0 0 0
27 6 0 0 6 0 0 0 0 0
fl=/usr/src/debug/glibc-2.28-251.el8_10.2.x86_64/io/../sysdeps/unix/sysv/linux/wordsize-64/fxstat.c
fn=_fxstat
33 8 1 1 0 0 0 0 0 0
34 8 0 0 0 0 0 0 0 0
35 24 0 0 0 0 0 0 0 0
39 4 0 0 4 0 0 0 0 0
fl=/usr/src/debug/glibc-2.28-251.el8_10.2.x86_64/io/../sysdeps/unix/sysv/linux/wordsize-64/xstat.c
fn=_xstat
33 18 1 1 0 0 0 0 0 0
34 18 0 0 0 0 0 0 0 0
35 86 0 0 8 0 0 8 0 0
39 1 0 0 1 0 0 0 0 0
fl=/usr/src/debug/glibc-2.28-251.el8_10.2.x86_64/malloc/scratch_buffer_set_array_size.c
fn=__libc_scratch_buffer_set_array_size
30 15 1 1 0 0 0 9 0 0
31 6 1 1 0 0 0 0 0 0
34 6 0 0 0 0 0 0 0 0
35 6 0 0 0 0 0 0 0 0
45 6 0 0 3 0 0 0 0 0
46 3 0 0 0 0 0 0 0 0
63 12 1 1 12 0 0 0 0 0
fl=/usr/src/debug/glibc-2.28-251.el8_10.2.x86_64/misc/../sysdeps/unix/syscall-template.S
fn=mprotect
78 40 2 1 0 0 0 0 0 0
79 8 0 0 8 0 0 0 0 0
fn=munmap
78 5 1 1 0 0 0 0 0 0
79 1 0 0 1 0 0 0 0 0
fl=/usr/src/debug/glibc-2.28-251.el8_10.2.x86_64/misc/../sysdeps/unix/sysv/linux/mmap64.c
fn=mmap
41 130 5 2 0 0 0 60 1 1
44 20 0 0 0 0 0 0 0 0
47 46 1 1 3 0 0 0 0 0
52 100 0 0 0 0 0 0 0 0
54 70 0 0 70 0 0 0 0 0
fl=/usr/src/debug/glibc-2.28-251.el8_10.2.x86_64/posix/../sysdeps/unix/syscall-template.S
fn=uname
78 5 1 1 0 0 0 0 0 0
79 1 0 0 1 0 0 0 0 0
fl=/usr/src/debug/glibc-2.28-251.el8_10.2.x86_64/setjmp/../sysdeps/x86_64/setjmp.S
fn=__sigsetjmp
30 6 1 1 0 0 0 0 0 0
32 6 0 0 0 0 0 6 0 0
41 6 0 0 0 0 0 0 0 0
42 12 0 0 6 0 0 0 0 0
43 6 0 0 0 0 0 6 0 0
47 6 0 0 0 0 0 6 1 1
48 6 0 0 0 0 0 6 0 0
49 6 0 0 0 0 0 6 0 0
50 6 0 0 0 0 0 6 0 0
51 6 0 0 0 0 0 0 0 0
53 12 1 1 6 0 0 0 0 0
55 6 0 0 0 0 0 6 1 1
56 6 0 0 6 0 0 0 0 0
57 6 0 0 0 0 0 0 0 0
59 12 0 0 6 0 0 0 0 0
61 6 0 0 0 0 0 6 0 0
69 6 0 0 0 0 0 0 0 0
72 6 0 0 0 0 0 0 0 0
73 6 0 0 0 0 0 6 1 1
80 6 0 0 0 0 0 0 0 0
81 6 0 0 6 0 0 0 0 0
fl=/usr/src/debug/glibc-2.28-251.el8_10.2.x86_64/string/../include/rtld-malloc.h
fn=strdup
56 18 1 1 6 0 0 6 0 0
fl=/usr/src/debug/glibc-2.28-251.el8_10.2.x86_64/string/../string/strcspn.c
fn=strcspn
32 4 0 0 0 0 0 1 0 0
33 5 1 1 2 0 0 0 0 0
39 6 0 0 0 0 0 4 1 1
40 4 0 0 0 0 0 4 1 1
41 4 1 1 0 0 0 4 1 1
42 4 0 0 0 0 0 4 1 1
44 1 0 0 0 0 0 0 0 0
47 9 1 1 3 0 0 3 0 0
48 6 0 0 0 0 0 0 0 0
51 4 0 0 2 0 0 0 0 0
52 4 0 0 2 0 0 0 0 0
53 4 0 0 2 0 0 0 0 0
54 4 1 1 2 0 0 0 0 0
56 3 0 0 0 0 0 0 0 0
61 13 0 0 0 0 0 0 0 0
62 26 0 0 26 0 0 0 0 0
63 13 0 0 13 0 0 0 0 0
64 26 0 0 26 0 0 0 0 0
65 13 0 0 13 0 0 0 0 0
67 91 1 1 26 0 0 0 0 0
69 1 0 0 0 0 0 0 0 0
70 4 0 0 0 0 0 0 0 0
71 3 0 0 2 0 0 0 0 0
fl=/usr/src/debug/glibc-2.28-251.el8_10.2.x86_64/string/../sysdeps/x86_64/memcmp.S
fn=bcmp
23 1 1 1 0 0 0 0 0 0
28 1 0 0 0 0 0 0 0 0
29 1 0 0 0 0 0 0 0 0
30 1 0 0 0 0 0 0 0 0
31 1 0 0 0 0 0 0 0 0
32 1 0 0 0 0 0 0 0 0
33 1 0 0 0 0 0 0 0 0
34 1 1 1 0 0 0 0 0 0
35 1 0 0 0 0 0 0 0 0
38 1 0 0 0 0 0 0 0 0
39 1 0 0 0 0 0 0 0 0
48 1 0 0 0 0 0 0 0 0
49 1 0 0 0 0 0 0 0 0
58 1 1 1 0 0 0 0 0 0
59 1 0 0 0 0 0 0 0 0
68 1 0 0 0 0 0 0 0 0
69 1 0 0 0 0 0 0 0 0
70 1 0 0 1 0 0 0 0 0
71 1 0 0 1 0 0 0 0 0
72 1 0 0 0 0 0 0 0 0
73 1 0 0 0 0 0 0 0 0
74 1 1 1 0 0 0 0 0 0
75 1 0 0 0 0 0 0 0 0
76 1 0 0 0 0 0 0 0 0
102 1 0 0 0 0 0 0 0 0
103 1 0 0 0 0 0 0 0 0
118 1 0 0 0 0 0 0 0 0
119 1 0 0 1 0 0 0 0 0
132 1 1 1 0 0 0 0 0 0
133 1 0 0 0 0 0 0 0 0
134 1 0 0 0 0 0 0 0 0
136 1 0 0 0 0 0 0 0 0
137 1 0 0 0 0 0 0 0 0
149 1 1 1 0 0 0 0 0 0
150 1 0 0 0 0 0 0 0 0
151 1 0 0 0 0 0 0 0 0
152 1 0 0 0 0 0 0 0 0
160 1 1 1 0 0 0 0 0 0
161 1 0 0 0 0 0 0 0 0
162 1 0 0 0 0 0 0 0 0
163 1 0 0 0 0 0 0 0 0
165 1 0 0 0 0 0 0 0 0
166 1 0 0 0 0 0 0 0 0
167 1 0 0 1 0 0 0 0 0
168 1 0 0 1 0 0 0 0 0
169 1 0 0 0 0 0 0 0 0
170 1 0 0 0 0 0 0 0 0
171 1 0 0 0 0 0 0 0 0
172 1 0 0 0 0 0 0 0 0
174 1 1 1 1 0 0 0 0 0
175 1 0 0 1 0 0 0 0 0
176 1 0 0 0 0 0 0 0 0
177 1 0 0 0 0 0 0 0 0
178 1 0 0 0 0 0 0 0 0
179 1 0 0 0 0 0 0 0 0
182 1 0 0 0 0 0 0 0 0
183 1 0 0 0 0 0 0 0 0
184 1 0 0 0 0 0 0 0 0
185 1 0 0 0 0 0 0 0 0
188 1 0 0 1 0 0 0 0 0
189 1 0 0 1 0 0 0 0 0
190 1 0 0 0 0 0 0 0 0
191 1 0 0 0 0 0 0 0 0
192 1 1 1 0 0 0 0 0 0
193 1 0 0 0 0 0 0 0 0
195 1 0 0 1 0 0 0 0 0
196 1 0 0 1 0 0 0 0 0
197 1 0 0 0 0 0 0 0 0
198 1 0 0 0 0 0 0 0 0
199 1 0 0 0 0 0 0 0 0
200 1 0 0 0 0 0 0 0 0
202 1 0 0 1 0 0 0 0 0
203 1 0 0 1 0 0 0 0 0
204 1 0 0 0 0 0 0 0 0
205 1 0 0 0 0 0 0 0 0
206 1 0 0 0 0 0 0 0 0
207 1 0 0 0 0 0 0 0 0
209 1 1 1 1 0 0 0 0 0
210 1 0 0 1 0 0 0 0 0
211 1 0 0 0 0 0 0 0 0
212 1 0 0 0 0 0 0 0 0
213 1 0 0 0 0 0 0 0 0
214 1 0 0 0 0 0 0 0 0
216 1 0 0 0 0 0 0 0 0
217 1 0 0 0 0 0 0 0 0
220 1 0 0 0 0 0 0 0 0
221 1 0 0 0 0 0 0 0 0
222 1 0 0 0 0 0 0 0 0
223 1 0 0 0 0 0 0 0 0
226 1 0 0 1 0 0 0 0 0
227 1 0 0 1 0 0 0 0 0
228 1 0 0 0 0 0 0 0 0
229 1 0 0 0 0 0 0 0 0
230 1 0 0 0 0 0 0 0 0
231 1 0 0 0 0 0 0 0 0
233 1 1 1 1 0 0 0 0 0
234 1 0 0 1 0 0 0 0 0
235 1 0 0 0 0 0 0 0 0
236 1 0 0 0 0 0 0 0 0
237 1 0 0 0 0 0 0 0 0
238 1 0 0 0 0 0 0 0 0
240 1 0 0 0 0 0 0 0 0
241 1 0 0 0 0 0 0 0 0
243 1 0 0 0 0 0 0 0 0
244 1 0 0 0 0 0 0 0 0
245 1 0 0 0 0 0 0 0 0
246 1 0 0 0 0 0 0 0 0
fl=/usr/src/debug/glibc-2.28-251.el8_10.2.x86_64/string/../sysdeps/x86_64/multiarch/../strchr.S
fn=index
23 20 3 1 0 0 0 0 0 0
24 20 0 0 0 0 0 0 0 0
25 20 0 0 0 0 0 0 0 0
26 20 0 0 0 0 0 0 0 0
27 20 0 0 0 0 0 0 0 0
28 20 0 0 0 0 0 0 0 0
29 20 0 0 0 0 0 0 0 0
30 20 0 0 0 0 0 0 0 0
31 20 0 0 0 0 0 0 0 0
32 20 0 0 20 2 2 0 0 0
33 20 0 0 0 0 0 0 0 0
34 20 0 0 0 0 0 0 0 0
35 20 0 0 0 0 0 0 0 0
36 20 0 0 0 0 0 0 0 0
37 20 0 0 0 0 0 0 0 0
38 20 2 1 0 0 0 0 0 0
39 20 0 0 0 0 0 0 0 0
40 20 0 0 0 0 0 0 0 0
41 15 0 0 0 0 0 0 0 0
45 15 0 0 0 0 0 0 0 0
46 15 0 0 0 0 0 0 0 0
47 15 0 0 15 0 0 0 0 0
48 15 0 0 0 0 0 0 0 0
50 15 0 0 15 0 0 0 0 0
54 5 0 0 5 0 0 0 0 0
55 5 0 0 0 0 0 0 0 0
56 5 0 0 0 0 0 0 0 0
57 5 0 0 0 0 0 0 0 0
58 5 0 0 0 0 0 0 0 0
59 5 0 0 0 0 0 0 0 0
60 5 0 0 5 0 0 0 0 0
61 5 2 1 0 0 0 0 0 0
62 5 0 0 0 0 0 0 0 0
63 5 0 0 0 0 0 0 0 0
64 5 0 0 0 0 0 0 0 0
65 5 0 0 0 0 0 0 0 0
66 5 0 0 0 0 0 0 0 0
67 5 0 0 5 1 1 0 0 0
68 5 0 0 0 0 0 0 0 0
69 5 0 0 0 0 0 0 0 0
70 5 0 0 0 0 0 0 0 0
71 5 0 0 0 0 0 0 0 0
72 5 0 0 0 0 0 0 0 0
73 5 0 0 0 0 0 0 0 0
74 5 0 0 0 0 0 0 0 0
75 5 0 0 0 0 0 0 0 0
76 5 0 0 0 0 0 0 0 0
77 9 2 1 0 0 0 0 0 0
82 2 0 0 0 0 0 0 0 0
83 2 0 0 0 0 0 0 0 0
86 4 0 0 0 0 0 0 0 0
87 4 0 0 4 0 0 0 0 0
88 4 0 0 4 0 0 0 0 0
89 4 0 0 4 0 0 0 0 0
90 4 0 0 0 0 0 0 0 0
91 4 0 0 4 0 0 0 0 0
92 4 0 0 0 0 0 0 0 0
93 4 0 0 0 0 0 0 0 0
94 4 0 0 4 0 0 0 0 0
95 4 1 1 0 0 0 0 0 0
96 4 0 0 4 0 0 0 0 0
97 4 0 0 4 0 0 0 0 0
98 4 0 0 0 0 0 0 0 0
99 4 0 0 4 0 0 0 0 0
100 4 0 0 0 0 0 0 0 0
101 4 0 0 0 0 0 0 0 0
102 4 0 0 0 0 0 0 0 0
103 4 0 0 0 0 0 0 0 0
105 4 0 0 0 0 0 0 0 0
106 4 0 0 0 0 0 0 0 0
108 2 0 0 2 0 0 0 0 0
109 2 0 0 0 0 0 0 0 0
110 2 0 0 0 0 0 0 0 0
111 2 0 0 0 0 0 0 0 0
112 2 0 0 0 0 0 0 0 0
113 2 1 1 0 0 0 0 0 0
114 2 0 0 0 0 0 0 0 0
115 2 0 0 0 0 0 0 0 0
117 2 0 0 0 0 0 0 0 0
118 2 0 0 0 0 0 0 0 0
119 2 0 0 0 0 0 0 0 0
120 2 0 0 0 0 0 0 0 0
121 2 0 0 0 0 0 0 0 0
122 2 0 0 0 0 0 0 0 0
123 2 0 0 0 0 0 0 0 0
124 2 0 0 0 0 0 0 0 0
125 2 0 0 0 0 0 0 0 0
126 2 0 0 0 0 0 0 0 0
129 5 0 0 0 0 0 0 0 0
133 5 0 0 0 0 0 0 0 0
134 5 0 0 0 0 0 0 0 0
135 5 0 0 5 0 0 0 0 0
136 5 1 1 0 0 0 0 0 0
138 5 0 0 5 0 0 0 0 0
fl=/usr/src/debug/glibc-2.28-251.el8_10.2.x86_64/string/../sysdeps/x86_64/multiarch/memmove-vec-unaligned-erms.S
fn=memcpy
190 24 1 1 0 0 0 0 0 0
191 24 0 0 0 0 0 0 0 0
197 63 0 0 0 0 0 0 0 0
198 63 0 0 0 0 0 0 0 0
199 29 0 0 0 0 0 0 0 0
200 29 0 0 0 0 0 0 0 0
205 13 0 0 13 1 0 0 0 0
206 13 0 0 13 0 0 0 0 0
207 13 0 0 0 0 0 13 3 3
208 13 0 0 0 0 0 13 1 1
211 13 0 0 13 0 0 0 0 0
358 34 1 1 0 0 0 0 0 0
359 34 0 0 0 0 0 0 0 0
360 14 0 0 0 0 0 0 0 0
361 14 0 0 0 0 0 0 0 0
362 8 0 0 0 0 0 0 0 0
363 8 0 0 0 0 0 0 0 0
364 6 0 0 0 0 0 0 0 0
365 2 0 0 2 1 1 0 0 0
366 2 0 0 0 0 0 2 1 1
368 6 0 0 6 0 0 0 0 0
389 20 0 0 20 0 0 0 0 0
390 20 0 0 20 0 0 0 0 0
391 20 0 0 0 0 0 20 2 2
392 20 0 0 0 0 0 20 0 0
393 20 0 0 20 0 0 0 0 0
396 6 0 0 6 0 0 0 0 0
397 6 0 0 6 0 0 0 0 0
398 6 0 0 0 0 0 6 0 0
399 6 0 0 0 0 0 6 0 0
400 6 0 0 6 0 0 0 0 0
403 2 1 1 2 1 1 0 0 0
404 2 0 0 2 0 0 0 0 0
405 2 0 0 0 0 0 2 0 0
406 2 0 0 0 0 0 2 0 0
407 2 0 0 2 0 0 0 0 0
417 16 0 0 0 0 0 0 0 0
418 16 0 0 0 0 0 0 0 0
419 7 0 0 0 0 0 0 0 0
420 7 0 0 0 0 0 0 0 0
441 7 1 1 7 0 0 0 0 0
442 7 0 0 7 0 0 0 0 0
443 7 0 0 7 0 0 0 0 0
444 7 0 0 7 0 0 0 0 0
445 7 0 0 0 0 0 7 1 1
446 7 0 0 0 0 0 7 0 0
447 7 0 0 0 0 0 7 3 3
448 7 0 0 0 0 0 7 0 0
449 7 0 0 7 0 0 0 0 0
461 9 1 1 0 0 0 0 0 0
462 9 0 0 0 0 0 0 0 0
464 2 0 0 0 0 0 0 0 0
467 2 0 0 2 0 0 0 0 0
468 2 0 0 2 0 0 0 0 0
469 2 0 0 2 0 0 0 0 0
470 2 0 0 2 0 0 0 0 0
471 2 0 0 2 0 0 0 0 0
473 2 0 0 0 0 0 0 0 0
474 2 1 1 0 0 0 0 0 0
477 2 0 0 0 0 0 0 0 0
478 2 0 0 0 0 0 0 0 0
480 2 0 0 0 0 0 0 0 0
482 2 0 0 0 0 0 0 0 0
484 2 0 0 0 0 0 0 0 0
486 4 0 0 0 0 0 0 0 0
491 2 0 0 2 0 0 0 0 0
492 2 0 0 2 0 0 0 0 0
493 2 0 0 2 0 0 0 0 0
494 2 0 0 2 0 0 0 0 0
495 2 0 0 0 0 0 0 0 0
496 2 0 0 0 0 0 0 0 0
497 2 0 0 0 0 0 2 0 0
498 2 0 0 0 0 0 2 1 1
499 2 0 0 0 0 0 2 0 0
500 2 0 0 0 0 0 2 0 0
501 2 0 0 0 0 0 0 0 0
502 2 0 0 0 0 0 0 0 0
503 2 0 0 0 0 0 0 0 0
505 2 0 0 0 0 0 2 1 1
506 2 0 0 0 0 0 2 0 0
507 2 0 0 0 0 0 2 0 0
508 2 0 0 0 0 0 2 0 0
510 2 0 0 0 0 0 2 0 0
511 2 0 0 2 0 0 0 0 0
516 7 1 1 7 0 0 0 0 0
517 7 0 0 7 0 0 0 0 0
518 7 0 0 7 0 0 0 0 0
519 7 0 0 7 0 0 0 0 0
520 7 0 0 7 0 0 0 0 0
522 7 0 0 0 0 0 0 0 0
525 7 1 1 0 0 0 0 0 0
526 7 0 0 0 0 0 0 0 0
527 7 0 0 0 0 0 0 0 0
528 7 0 0 0 0 0 0 0 0
530 7 0 0 0 0 0 0 0 0
532 7 0 0 0 0 0 0 0 0
534 14 0 0 0 0 0 0 0 0
539 8 0 0 8 0 0 0 0 0
540 8 0 0 8 0 0 0 0 0
541 8 0 0 8 0 0 0 0 0
542 8 0 0 8 0 0 0 0 0
543 8 0 0 0 0 0 0 0 0
544 8 0 0 0 0 0 0 0 0
545 8 0 0 0 0 0 8 5 5
546 8 0 0 0 0 0 8 0 0
547 8 1 1 0 0 0 8 1 1
548 8 0 0 0 0 0 8 1 1
549 8 0 0 0 0 0 0 0 0
550 8 0 0 0 0 0 0 0 0
551 8 0 0 0 0 0 0 0 0
553 7 0 0 0 0 0 7 1 1
554 7 0 0 0 0 0 7 0 0
555 7 0 0 0 0 0 7 0 0
556 7 0 0 0 0 0 7 0 0
558 7 0 0 0 0 0 7 2 2
559 7 0 0 7 0 0 0 0 0
fn=mempcpy
177 39 0 0 0 0 0 0 0 0
178 39 0 0 0 0 0 0 0 0
179 39 0 0 0 0 0 0 0 0
180 39 0 0 0 0 0 0 0 0
fl=/usr/src/debug/glibc-2.28-251.el8_10.2.x86_64/string/../sysdeps/x86_64/multiarch/memset-vec-unaligned-erms.S
fn=memset
169 5 1 1 0 0 0 0 0 0
170 25 0 0 0 0 0 0 0 0
175 5 0 0 0 0 0 0 0 0
176 5 1 1 0 0 0 0 0 0
179 3 0 0 0 0 0 0 0 0
180 3 0 0 0 0 0 0 0 0
338 3 0 0 0 0 0 3 2 2
339 3 0 0 0 0 0 3 1 1
351 3 0 0 0 0 0 0 0 0
354 3 0 0 0 0 0 0 0 0
355 3 0 0 0 0 0 0 0 0
367 3 0 0 0 0 0 3 0 0
368 3 0 0 0 0 0 3 0 0
381 3 0 0 0 0 0 0 0 0
382 3 0 0 0 0 0 0 0 0
384 3 0 0 0 0 0 0 0 0
387 3 1 1 0 0 0 0 0 0
390 6 0 0 0 0 0 0 0 0
393 33 0 0 0 0 0 33 0 0
394 33 0 0 0 0 0 33 0 0
395 33 0 0 0 0 0 33 32 32
396 33 0 0 0 0 0 33 0 0
397 33 0 0 0 0 0 0 0 0
398 33 0 0 0 0 0 0 0 0
399 33 0 0 0 0 0 0 0 0
402 3 0 0 0 0 0 3 0 0
403 3 0 0 0 0 0 3 0 0
404 3 0 0 0 0 0 3 0 0
405 3 0 0 0 0 0 3 0 0
410 3 0 0 3 0 0 0 0 0
447 2 1 1 0 0 0 0 0 0
452 2 0 0 0 0 0 0 0 0
453 2 0 0 0 0 0 0 0 0
492 2 0 0 0 0 0 2 2 2
493 2 0 0 0 0 0 2 0 0
495 2 0 0 2 0 0 0 0 0
fl=/usr/src/debug/glibc-2.28-251.el8_10.2.x86_64/string/../sysdeps/x86_64/multiarch/strlen-vec.S
fn=strlen
41 25 1 1 0 0 0 0 0 0
85 25 0 0 0 0 0 0 0 0
86 25 0 0 0 0 0 0 0 0
87 25 0 0 0 0 0 0 0 0
88 25 0 0 0 0 0 0 0 0
89 25 0 0 0 0 0 0 0 0
90 25 0 0 0 0 0 0 0 0
91 25 0 0 0 0 0 0 0 0
93 25 0 0 0 0 0 0 0 0
95 25 0 0 0 0 0 0 0 0
126 24 0 0 24 4 4 0 0 0
127 24 0 0 0 0 0 0 0 0
128 24 0 0 0 0 0 0 0 0
129 24 0 0 0 0 0 0 0 0
130 24 0 0 0 0 0 0 0 0
131 9 0 0 0 0 0 0 0 0
133 9 0 0 9 0 0 0 0 0
137 15 1 1 0 0 0 0 0 0
138 15 0 0 15 0 0 0 0 0
139 15 0 0 15 0 0 0 0 0
140 15 0 0 15 0 0 0 0 0
141 15 0 0 0 0 0 0 0 0
142 15 0 0 0 0 0 0 0 0
143 15 0 0 0 0 0 0 0 0
144 15 0 0 0 0 0 0 0 0
145 15 0 0 0 0 0 0 0 0
146 15 0 0 0 0 0 0 0 0
147 15 0 0 0 0 0 0 0 0
148 15 0 0 0 0 0 0 0 0
153 108 0 0 9 0 0 0 0 0
157 1 1 1 0 0 0 0 0 0
158 14 1 1 4 1 1 0 0 0
159 8 0 0 1 0 0 0 0 0
227 8 1 1 8 1 1 0 0 0
228 8 0 0 8 0 0 0 0 0
229 8 0 0 8 0 0 0 0 0
230 8 0 0 8 0 0 0 0 0
231 8 0 0 0 0 0 0 0 0
232 8 0 0 0 0 0 0 0 0
233 8 0 0 0 0 0 0 0 0
234 8 0 0 0 0 0 0 0 0
236 6 0 0 0 0 0 0 0 0
238 6 0 0 6 2 2 0 0 0
239 6 0 0 6 0 0 0 0 0
240 6 0 0 6 0 0 0 0 0
241 6 0 0 6 0 0 0 0 0
242 6 0 0 0 0 0 0 0 0
243 6 0 0 0 0 0 0 0 0
244 6 1 1 0 0 0 0 0 0
245 6 0 0 0 0 0 0 0 0
246 2 0 0 0 0 0 0 0 0
250 2 0 0 0 0 0 0 0 0
252 6 0 0 0 0 0 0 0 0
253 84 1 1 24 0 0 0 0 0
255 6 0 0 0 0 0 0 0 0
256 6 0 0 0 0 0 0 0 0
257 6 0 0 0 0 0 0 0 0
259 6 0 0 6 0 0 0 0 0
fl=/usr/src/debug/glibc-2.28-251.el8_10.2.x86_64/string/../sysdeps/x86_64/strcmp.S
fn=strcmp
109 255 1 1 0 0 0 0 0 0
142 255 0 0 0 0 0 0 0 0
143 255 0 0 0 0 0 0 0 0
145 255 0 0 0 0 0 0 0 0
146 255 0 0 0 0 0 0 0 0
167 255 1 1 0 0 0 0 0 0
168 255 0 0 0 0 0 0 0 0
169 205 0 0 0 0 0 0 0 0
170 205 0 0 0 0 0 0 0 0
171 178 0 0 178 15 11 0 0 0
172 178 0 0 178 2 0 0 0 0
173 178 0 0 178 0 0 0 0 0
174 178 0 0 178 0 0 0 0 0
191 178 0 0 0 0 0 0 0 0
192 178 0 0 0 0 0 0 0 0
193 178 0 0 0 0 0 0 0 0
194 178 0 0 0 0 0 0 0 0
195 178 0 0 0 0 0 0 0 0
196 178 0 0 0 0 0 0 0 0
197 178 0 0 0 0 0 0 0 0
202 9 0 0 0 0 0 0 0 0
203 27 0 0 0 0 0 0 0 0
212 86 1 1 0 0 0 0 0 0
213 86 0 0 0 0 0 0 0 0
214 86 0 0 0 0 0 0 0 0
215 86 0 0 0 0 0 0 0 0
216 86 0 0 0 0 0 0 0 0
217 86 0 0 0 0 0 0 0 0
218 86 0 0 0 0 0 0 0 0
219 86 0 0 0 0 0 0 0 0
220 78 0 0 0 0 0 0 0 0
221 38 0 0 0 0 0 0 0 0
222 38 0 0 0 0 0 0 0 0
223 38 0 0 0 0 0 0 0 0
225 78 0 0 0 0 0 0 0 0
226 78 0 0 0 0 0 0 0 0
227 78 0 0 0 0 0 0 0 0
228 78 0 0 78 6 3 0 0 0
229 78 0 0 0 0 0 0 0 0
230 78 0 0 0 0 0 0 0 0
240 8 1 1 8 1 1 0 0 0
241 8 0 0 0 0 0 0 0 0
242 8 0 0 0 0 0 0 0 0
244 8 0 0 8 2 2 0 0 0
250 8 0 0 0 0 0 0 0 0
251 8 0 0 0 0 0 0 0 0
252 8 0 0 0 0 0 0 0 0
253 8 0 0 0 0 0 0 0 0
254 8 0 0 0 0 0 0 0 0
259 8 0 0 0 0 0 0 0 0
261 1 0 0 0 0 0 0 0 0
262 1 1 1 0 0 0 0 0 0
263 2 0 0 0 0 0 0 0 0
271 1 0 0 1 0 0 0 0 0
272 1 0 0 1 0 0 0 0 0
275 1 0 0 0 0 0 0 0 0
276 1 0 0 0 0 0 0 0 0
277 1 0 0 0 0 0 0 0 0
278 1 0 0 0 0 0 0 0 0
279 1 0 0 0 0 0 0 0 0
280 1 0 0 0 0 0 0 0 0
565 5 1 1 0 0 0 0 0 0
566 5 0 0 5 0 0 0 0 0
567 5 0 0 5 0 0 0 0 0
568 5 0 0 0 0 0 0 0 0
569 5 1 1 0 0 0 0 0 0
571 5 0 0 0 0 0 0 0 0
572 5 0 0 0 0 0 0 0 0
573 5 0 0 0 0 0 0 0 0
574 5 0 0 0 0 0 0 0 0
575 5 0 0 0 0 0 0 0 0
576 5 0 0 0 0 0 0 0 0
577 5 0 0 0 0 0 0 0 0
578 4 0 0 4 0 0 0 0 0
582 4 0 0 0 0 0 0 0 0
583 4 0 0 0 0 0 0 0 0
584 4 0 0 0 0 0 0 0 0
590 4 0 0 0 0 0 0 0 0
591 4 0 0 0 0 0 0 0 0
592 8 1 1 0 0 0 0 0 0
596 4 0 0 0 0 0 0 0 0
597 4 0 0 0 0 0 0 0 0
600 4 0 0 4 0 0 0 0 0
601 4 0 0 4 0 0 0 0 0
602 4 0 0 0 0 0 0 0 0
605 4 0 0 0 0 0 0 0 0
606 4 0 0 0 0 0 0 0 0
607 4 0 0 0 0 0 0 0 0
613 4 0 0 0 0 0 0 0 0
614 4 0 0 0 0 0 0 0 0
615 4 1 1 0 0 0 0 0 0
616 4 0 0 0 0 0 0 0 0
617 4 0 0 0 0 0 0 0 0
618 4 0 0 0 0 0 0 0 0
690 1 1 1 0 0 0 0 0 0
691 1 0 0 1 0 0 0 0 0
692 1 0 0 1 0 0 0 0 0
693 1 0 0 0 0 0 0 0 0
694 1 1 1 0 0 0 0 0 0
696 1 0 0 0 0 0 0 0 0
697 1 0 0 0 0 0 0 0 0
698 1 0 0 0 0 0 0 0 0
699 1 0 0 0 0 0 0 0 0
700 1 0 0 0 0 0 0 0 0
701 1 0 0 0 0 0 0 0 0
702 1 0 0 0 0 0 0 0 0
940 3 1 1 0 0 0 0 0 0
941 3 0 0 3 1 1 0 0 0
942 3 0 0 3 1 1 0 0 0
943 3 0 0 0 0 0 0 0 0
944 3 1 1 0 0 0 0 0 0
946 3 0 0 0 0 0 0 0 0
947 3 0 0 0 0 0 0 0 0
948 3 0 0 0 0 0 0 0 0
949 3 0 0 0 0 0 0 0 0
950 3 0 0 0 0 0 0 0 0
951 3 0 0 0 0 0 0 0 0
952 3 0 0 0 0 0 0 0 0
953 2 0 0 2 0 0 0 0 0
957 2 0 0 0 0 0 0 0 0
958 2 0 0 0 0 0 0 0 0
959 2 0 0 0 0 0 0 0 0
965 2 0 0 0 0 0 0 0 0
966 2 0 0 0 0 0 0 0 0
967 4 1 1 0 0 0 0 0 0
971 2 0 0 0 0 0 0 0 0
972 2 0 0 0 0 0 0 0 0
975 2 0 0 2 0 0 0 0 0
976 2 0 0 2 1 1 0 0 0
977 2 0 0 0 0 0 0 0 0
980 2 0 0 0 0 0 0 0 0
981 2 0 0 0 0 0 0 0 0
982 2 0 0 0 0 0 0 0 0
988 2 0 0 0 0 0 0 0 0
989 2 0 0 0 0 0 0 0 0
990 2 1 1 0 0 0 0 0 0
991 2 0 0 0 0 0 0 0 0
992 2 0 0 0 0 0 0 0 0
993 2 0 0 0 0 0 0 0 0
1065 10 2 1 0 0 0 0 0 0
1066 10 0 0 10 2 2 0 0 0
1067 10 0 0 10 1 0 0 0 0
1068 10 0 0 0 0 0 0 0 0
1069 10 2 1 0 0 0 0 0 0
1071 10 0 0 0 0 0 0 0 0
1072 10 0 0 0 0 0 0 0 0
1073 10 0 0 0 0 0 0 0 0
1074 10 0 0 0 0 0 0 0 0
1075 10 0 0 0 0 0 0 0 0
1076 10 0 0 0 0 0 0 0 0
1077 10 0 0 0 0 0 0 0 0
1078 6 0 0 6 0 0 0 0 0
1082 6 0 0 0 0 0 0 0 0
1083 6 0 0 0 0 0 0 0 0
1084 6 0 0 0 0 0 0 0 0
1090 6 0 0 0 0 0 0 0 0
1091 6 0 0 0 0 0 0 0 0
1092 12 1 1 0 0 0 0 0 0
1096 6 0 0 0 0 0 0 0 0
1097 6 0 0 0 0 0 0 0 0
1100 6 0 0 6 1 1 0 0 0
1101 6 0 0 6 1 1 0 0 0
1102 6 0 0 0 0 0 0 0 0
1105 6 0 0 0 0 0 0 0 0
1106 6 0 0 0 0 0 0 0 0
1107 6 0 0 0 0 0 0 0 0
1113 6 0 0 0 0 0 0 0 0
1114 6 0 0 0 0 0 0 0 0
1115 6 1 1 0 0 0 0 0 0
1116 6 0 0 0 0 0 0 0 0
1117 6 0 0 0 0 0 0 0 0
1118 6 0 0 0 0 0 0 0 0
1190 9 2 1 0 0 0 0 0 0
1191 9 0 0 9 1 1 0 0 0
1192 9 0 0 9 1 1 0 0 0
1193 9 0 0 0 0 0 0 0 0
1194 9 1 1 0 0 0 0 0 0
1196 9 0 0 0 0 0 0 0 0
1197 9 0 0 0 0 0 0 0 0
1198 9 0 0 0 0 0 0 0 0
1199 9 0 0 0 0 0 0 0 0
1200 9 0 0 0 0 0 0 0 0
1201 9 0 0 0 0 0 0 0 0
1202 9 0 0 0 0 0 0 0 0
1203 2 0 0 2 0 0 0 0 0
1207 2 0 0 0 0 0 0 0 0
1208 2 0 0 0 0 0 0 0 0
1209 2 0 0 0 0 0 0 0 0
1215 2 0 0 0 0 0 0 0 0
1216 2 0 0 0 0 0 0 0 0
1217 4 1 1 0 0 0 0 0 0
1221 2 0 0 0 0 0 0 0 0
1222 2 0 0 0 0 0 0 0 0
1225 2 0 0 2 1 1 0 0 0
1226 2 0 0 2 0 0 0 0 0
1227 2 0 0 0 0 0 0 0 0
1230 2 0 0 0 0 0 0 0 0
1231 2 0 0 0 0 0 0 0 0
1232 2 0 0 0 0 0 0 0 0
1238 2 0 0 0 0 0 0 0 0
1239 2 0 0 0 0 0 0 0 0
1240 2 1 1 0 0 0 0 0 0
1241 2 0 0 0 0 0 0 0 0
1242 2 0 0 0 0 0 0 0 0
1243 2 0 0 0 0 0 0 0 0
1315 10 1 1 0 0 0 0 0 0
1316 10 0 0 10 2 2 0 0 0
1317 10 0 0 10 1 1 0 0 0
1318 10 0 0 0 0 0 0 0 0
1319 10 1 1 0 0 0 0 0 0
1321 10 0 0 0 0 0 0 0 0
1322 10 0 0 0 0 0 0 0 0
1323 10 0 0 0 0 0 0 0 0
1324 10 0 0 0 0 0 0 0 0
1325 10 0 0 0 0 0 0 0 0
1326 10 0 0 0 0 0 0 0 0
1327 10 0 0 0 0 0 0 0 0
1328 5 0 0 5 0 0 0 0 0
1332 5 0 0 0 0 0 0 0 0
1333 5 0 0 0 0 0 0 0 0
1334 5 0 0 0 0 0 0 0 0
1340 5 0 0 0 0 0 0 0 0
1341 5 0 0 0 0 0 0 0 0
1342 10 1 1 0 0 0 0 0 0
1346 5 0 0 0 0 0 0 0 0
1347 5 0 0 0 0 0 0 0 0
1350 5 0 0 5 0 0 0 0 0
1351 5 0 0 5 0 0 0 0 0
1352 5 0 0 0 0 0 0 0 0
1355 5 0 0 0 0 0 0 0 0
1356 5 0 0 0 0 0 0 0 0
1357 5 0 0 0 0 0 0 0 0
1363 5 0 0 0 0 0 0 0 0
1364 5 0 0 0 0 0 0 0 0
1365 5 1 1 0 0 0 0 0 0
1366 5 0 0 0 0 0 0 0 0
1367 5 0 0 0 0 0 0 0 0
1368 5 0 0 0 0 0 0 0 0
1375 3 0 0 0 0 0 0 0 0
1376 3 0 0 0 0 0 0 0 0
1378 3 0 0 0 0 0 0 0 0
1379 3 0 0 0 0 0 0 0 0
1381 3 0 0 3 0 0 0 0 0
1382 3 0 0 3 1 1 0 0 0
1383 3 0 0 0 0 0 0 0 0
1386 3 0 0 0 0 0 0 0 0
1387 3 0 0 0 0 0 0 0 0
1388 3 0 0 0 0 0 0 0 0
1394 3 0 0 0 0 0 0 0 0
1395 3 1 1 0 0 0 0 0 0
1396 3 0 0 0 0 0 0 0 0
1397 3 0 0 0 0 0 0 0 0
1398 3 0 0 0 0 0 0 0 0
1399 3 0 0 0 0 0 0 0 0
1440 2 1 1 0 0 0 0 0 0
1441 2 0 0 2 2 1 0 0 0
1442 2 0 0 2 0 0 0 0 0
1443 2 0 0 0 0 0 0 0 0
1444 2 1 1 0 0 0 0 0 0
1446 2 0 0 0 0 0 0 0 0
1447 2 0 0 0 0 0 0 0 0
1448 2 0 0 0 0 0 0 0 0
1449 2 0 0 0 0 0 0 0 0
1450 2 0 0 0 0 0 0 0 0
1451 2 0 0 0 0 0 0 0 0
1452 2 0 0 0 0 0 0 0 0
1453 2 0 0 2 0 0 0 0 0
1457 2 0 0 0 0 0 0 0 0
1458 2 0 0 0 0 0 0 0 0
1459 2 0 0 0 0 0 0 0 0
1465 2 0 0 0 0 0 0 0 0
1466 2 0 0 0 0 0 0 0 0
1467 4 1 1 0 0 0 0 0 0
1471 2 0 0 0 0 0 0 0 0
1472 2 0 0 0 0 0 0 0 0
1475 2 0 0 2 0 0 0 0 0
1476 2 0 0 2 1 1 0 0 0
1477 2 0 0 0 0 0 0 0 0
1480 2 0 0 0 0 0 0 0 0
1481 2 0 0 0 0 0 0 0 0
1482 2 0 0 0 0 0 0 0 0
1488 2 0 0 0 0 0 0 0 0
1489 2 0 0 0 0 0 0 0 0
1490 2 1 1 0 0 0 0 0 0
1491 2 0 0 0 0 0 0 0 0
1492 2 0 0 0 0 0 0 0 0
1493 2 0 0 0 0 0 0 0 0
1565 5 2 1 0 0 0 0 0 0
1566 5 0 0 5 0 0 0 0 0
1567 5 0 0 5 0 0 0 0 0
1568 5 0 0 0 0 0 0 0 0
1569 5 1 1 0 0 0 0 0 0
1571 5 0 0 0 0 0 0 0 0
1572 5 0 0 0 0 0 0 0 0
1573 5 0 0 0 0 0 0 0 0
1574 5 0 0 0 0 0 0 0 0
1575 5 0 0 0 0 0 0 0 0
1576 5 0 0 0 0 0 0 0 0
1577 5 0 0 0 0 0 0 0 0
1690 9 1 1 0 0 0 0 0 0
1691 9 0 0 9 1 1 0 0 0
1692 9 0 0 9 2 1 0 0 0
1693 9 0 0 0 0 0 0 0 0
1694 9 1 1 0 0 0 0 0 0
1696 9 0 0 0 0 0 0 0 0
1697 9 0 0 0 0 0 0 0 0
1698 9 0 0 0 0 0 0 0 0
1699 9 0 0 0 0 0 0 0 0
1700 9 0 0 0 0 0 0 0 0
1701 9 0 0 0 0 0 0 0 0
1702 9 0 0 0 0 0 0 0 0
1703 7 0 0 7 0 0 0 0 0
1707 7 0 0 0 0 0 0 0 0
1708 7 0 0 0 0 0 0 0 0
1709 7 0 0 0 0 0 0 0 0
1715 7 0 0 0 0 0 0 0 0
1716 7 0 0 0 0 0 0 0 0
1717 14 1 1 0 0 0 0 0 0
1721 7 0 0 0 0 0 0 0 0
1722 7 0 0 0 0 0 0 0 0
1725 7 0 0 7 0 0 0 0 0
1726 7 0 0 7 0 0 0 0 0
1727 7 0 0 0 0 0 0 0 0
1730 7 0 0 0 0 0 0 0 0
1731 7 0 0 0 0 0 0 0 0
1732 7 0 0 0 0 0 0 0 0
1738 7 0 0 0 0 0 0 0 0
1739 7 0 0 0 0 0 0 0 0
1740 7 1 1 0 0 0 0 0 0
1741 7 0 0 0 0 0 0 0 0
1742 7 0 0 0 0 0 0 0 0
1743 7 0 0 0 0 0 0 0 0
1815 2 1 1 0 0 0 0 0 0
1816 2 0 0 2 0 0 0 0 0
1817 2 0 0 2 1 0 0 0 0
1818 2 0 0 0 0 0 0 0 0
1819 2 1 1 0 0 0 0 0 0
1821 2 0 0 0 0 0 0 0 0
1822 2 0 0 0 0 0 0 0 0
1823 2 0 0 0 0 0 0 0 0
1824 2 0 0 0 0 0 0 0 0
1825 2 0 0 0 0 0 0 0 0
1826 2 0 0 0 0 0 0 0 0
1827 2 0 0 0 0 0 0 0 0
1828 1 0 0 1 0 0 0 0 0
1832 1 0 0 0 0 0 0 0 0
1833 1 0 0 0 0 0 0 0 0
1834 1 0 0 0 0 0 0 0 0
1840 1 0 0 0 0 0 0 0 0
1841 1 0 0 0 0 0 0 0 0
1842 2 1 1 0 0 0 0 0 0
1846 1 0 0 0 0 0 0 0 0
1847 1 0 0 0 0 0 0 0 0
1850 1 0 0 1 1 1 0 0 0
1851 1 0 0 1 0 0 0 0 0
1852 1 0 0 0 0 0 0 0 0
1855 1 0 0 0 0 0 0 0 0
1856 1 0 0 0 0 0 0 0 0
1857 1 0 0 0 0 0 0 0 0
1863 1 0 0 0 0 0 0 0 0
1864 1 0 0 0 0 0 0 0 0
1865 1 1 1 0 0 0 0 0 0
1866 1 0 0 0 0 0 0 0 0
1867 1 0 0 0 0 0 0 0 0
1868 1 0 0 0 0 0 0 0 0
1940 5 1 1 0 0 0 0 0 0
1941 5 0 0 5 0 0 0 0 0
1942 5 0 0 5 1 0 0 0 0
1943 5 0 0 0 0 0 0 0 0
1944 5 1 1 0 0 0 0 0 0
1946 5 0 0 0 0 0 0 0 0
1947 5 0 0 0 0 0 0 0 0
1948 5 0 0 0 0 0 0 0 0
1949 5 0 0 0 0 0 0 0 0
1950 5 0 0 0 0 0 0 0 0
1951 5 0 0 0 0 0 0 0 0
1952 5 0 0 0 0 0 0 0 0
1953 2 0 0 2 0 0 0 0 0
1957 2 0 0 0 0 0 0 0 0
1958 2 0 0 0 0 0 0 0 0
1959 2 0 0 0 0 0 0 0 0
1965 2 0 0 0 0 0 0 0 0
1966 2 0 0 0 0 0 0 0 0
1967 4 1 1 0 0 0 0 0 0
1971 2 0 0 0 0 0 0 0 0
1972 2 0 0 0 0 0 0 0 0
1975 2 0 0 2 0 0 0 0 0
1976 2 0 0 2 0 0 0 0 0
1977 2 0 0 0 0 0 0 0 0
1980 2 0 0 0 0 0 0 0 0
1981 2 0 0 0 0 0 0 0 0
1982 2 0 0 0 0 0 0 0 0
1988 2 0 0 0 0 0 0 0 0
1989 2 0 0 0 0 0 0 0 0
1990 2 1 1 0 0 0 0 0 0
1991 2 0 0 0 0 0 0 0 0
1992 2 0 0 0 0 0 0 0 0
1993 2 0 0 0 0 0 0 0 0
2065 17 1 1 0 0 0 0 0 0
2066 17 0 0 17 0 0 0 0 0
2067 17 0 0 17 1 1 0 0 0
2068 17 0 0 0 0 0 0 0 0
2069 17 1 1 0 0 0 0 0 0
2071 17 0 0 0 0 0 0 0 0
2072 17 0 0 0 0 0 0 0 0
2073 17 0 0 0 0 0 0 0 0
2074 17 0 0 0 0 0 0 0 0
2075 17 0 0 0 0 0 0 0 0
2076 17 0 0 0 0 0 0 0 0
2077 17 0 0 0 0 0 0 0 0
2079 6 0 0 6 0 0 0 0 0
2083 6 0 0 0 0 0 0 0 0
2084 6 0 0 0 0 0 0 0 0
2085 6 0 0 0 0 0 0 0 0
2091 6 0 0 0 0 0 0 0 0
2092 6 0 0 0 0 0 0 0 0
2094 12 1 1 0 0 0 0 0 0
2098 6 0 0 0 0 0 0 0 0
2099 6 0 0 0 0 0 0 0 0
2102 6 0 0 6 2 2 0 0 0
2103 6 0 0 6 1 1 0 0 0
2104 6 0 0 0 0 0 0 0 0
2107 6 0 0 0 0 0 0 0 0
2108 6 0 0 0 0 0 0 0 0
2109 6 0 0 0 0 0 0 0 0
2115 6 0 0 0 0 0 0 0 0
2116 6 0 0 0 0 0 0 0 0
2117 6 2 1 0 0 0 0 0 0
2118 6 0 0 0 0 0 0 0 0
2119 6 0 0 0 0 0 0 0 0
2120 6 0 0 0 0 0 0 0 0
2194 38 0 0 0 0 0 0 0 0
2196 86 1 1 0 0 0 0 0 0
2197 86 0 0 0 0 0 0 0 0
2198 86 0 0 0 0 0 0 0 0
2199 86 1 1 0 0 0 0 0 0
2200 76 0 0 0 0 0 0 0 0
2205 255 0 0 0 0 0 0 0 0
2211 255 0 0 255 0 0 0 0 0
2212 255 0 0 255 0 0 0 0 0
2220 255 0 0 0 0 0 0 0 0
2221 255 0 0 255 0 0 0 0 0
fl=/usr/src/debug/glibc-2.28-251.el8_10.2.x86_64/string/strdup.c
fn=strdup
40 30 1 1 0 0 0 12 0 0
41 12 0 0 0 0 0 6 0 0
44 12 0 0 0 0 0 0 0 0
47 30 0 0 0 0 0 6 0 0
48 30 0 0 18 0 0 0 0 0
fl=???
fn=(below main)
0 70 5 5 19 3 0 18 0 0
fn=???
0 16428091 25 21 16427962 8 5 22 1 1
fn=_Exit
0 9 1 1 1 1 1 0 0 0
fn=_IO_cleanup
0 93 11 11 30 0 0 18 0 0
fn=_IO_flush_all_lockp
0 115 12 12 34 11 11 20 1 1
fn=__acos_finite
0 9 1 1 4 0 0 0 0 0
fn=__asin_finite
0 9 1 1 4 0 0 0 0 0
fn=__atan2_finite
0 13 2 2 4 0 0 0 0 0
fn=__call_tls_dtors
0 12 2 2 5 2 2 2 1 1
fn=__ctype_init
0 17 3 3 10 5 0 3 0 0
fn=__cxa_atexit
0 3 1 1 0 0 0 0 0 0
fn=__cxa_finalize
0 118 6 6 34 1 1 14 0 0
fn=__exp_finite
0 13 2 2 4 1 0 0 0 0
fn=__init_misc
0 25 2 2 7 0 0 5 1 0
fn=__internal_atexit
0 38 3 3 10 2 2 9 1 0
fn=__libc_csu_init
0 34 2 2 8 1 0 8 0 0
fn=__libc_early_init
0 2 1 1 0 0 0 0 0 0
fn=__log_finite
0 13 2 2 4 0 0 0 0 0
fn=__new_exitfn
0 30 5 5 8 2 0 5 0 0
fn=__pow_finite
0 9 2 2 4 0 0 0 0 0
fn=__run_exit_handlers
0 105 9 9 25 5 5 15 0 0
fn=__sigjmp_save
0 9 1 1 2 0 0 2 0 0
fn=__sigsetjmp
0 22 2 2 5 1 0 8 0 0
fn=__strrchr_sse2
0 36 4 4 3 1 0 0 0 0
fn=__time_syscall
0 4 0 0 1 0 0 0 0 0
fn=__unregister_atfork
0 32 4 4 12 1 1 0 0 0
fn=__x86_cacheinfo
0 110 10 10 18 3 0 25 3 3
fn=_dl_vdso_vsym
0 80 3 2 30 1 0 5 0 0
fn=_init
0 108 7 7 17 5 0 16 3 3
fn=_setjmp
0 3 1 1 0 0 0 0 0 0
fn=bcmp
0 13 2 2 4 0 0 0 0 0
fn=ceil
0 7 1 1 3 0 0 0 0 0
fn=ceilf
0 7 1 1 3 0 0 0 0 0
fn=check_stdfiles_vtables
0 12 2 2 7 3 0 0 0 0
fn=cos
0 13 2 2 4 0 0 0 0 0
fn=cosf
0 6 2 2 3 0 0 0 0 0
fn=exit
0 8 1 1 1 0 0 2 0 0
fn=exp2f
0 6 1 1 3 0 0 0 0 0
fn=expf
0 6 1 1 3 0 0 0 0 0
fn=floor
0 7 2 2 3 0 0 0 0 0
fn=floorf
0 7 2 2 3 0 0 0 0 0
fn=get_common_cache_info
0 233 13 13 31 1 0 22 0 0
fn=gettimeofday
0 67 3 3 4 0 0 4 0 0
fn=handle_intel.constprop.1
0 213 5 5 40 1 0 49 0 0
fn=index
0 15 2 2 4 0 0 0 0 0
fn=initialize_matrices
0 361434136 4 4 65720249 0 0 41072648 1540119 1540119
fn=intel_check_word.isra.0
0 1948 7 7 205 8 8 40 0 0
fn=log2f
0 6 2 2 3 0 0 0 0 0
fn=logf
0 6 1 1 3 0 0 0 0 0
fn=main
0 11 1 1 2 0 0 4 0 0
fn=memchr
0 9 2 2 3 0 0 0 0 0
fn=memcpy@@GLIBC_2.14
0 22 5 5 5 0 0 0 0 0
fn=memmove
0 22 5 5 5 0 0 0 0 0
fn=mempcpy
0 22 3 3 5 0 0 0 0 0
fn=memrchr
0 9 1 1 3 0 0 0 0 0
fn=memset
0 20 3 3 4 0 0 0 0 0
fn=powf
0 6 1 1 3 0 0 0 0 0
fn=rand
0 82139560 1 1 16427912 0 0 16427912 0 0
fn=random
0 377841976 4 4 147851208 0 0 32855824 0 0
fn=random_r
0 458930332 2 2 131425776 0 0 65712888 0 0
fn=rawmemchr
0 9 1 1 3 0 0 0 0 0
fn=rindex
0 9 1 1 3 0 0 0 0 0
fn=rint
0 7 1 1 3 0 0 0 0 0
fn=rintf
0 7 1 1 3 0 0 0 0 0
fn=sin
0 13 2 2 4 0 0 0 0 0
fn=sincosf
0 6 1 1 3 0 0 0 0 0
fn=sinf
0 6 1 1 3 0 0 0 0 0
fn=srand
0 18 3 3 5 1 1 1 0 0
fn=srandom_r
0 2444 5 5 9 1 0 345 2 2
fn=stpcpy
0 12 2 2 4 0 0 0 0 0
fn=stpncpy
0 12 2 2 4 0 0 0 0 0
fn=strcasecmp
0 12 2 2 5 0 0 0 0 0
fn=strcasecmp_l
0 12 2 2 5 0 0 0 0 0
fn=strcat
0 12 2 2 4 0 0 0 0 0
fn=strchrnul
0 9 2 2 3 0 0 0 0 0
fn=strcmp
0 12 2 2 4 0 0 0 0 0
fn=strcpy
0 12 2 2 4 0 0 0 0 0
fn=strcspn
0 7 1 1 3 0 0 0 0 0
fn=strlen
0 9 1 1 3 0 0 0 0 0
fn=strncasecmp
0 12 3 3 5 0 0 0 0 0
fn=strncasecmp_l
0 12 3 3 5 0 0 0 0 0
fn=strncmp
0 12 3 3 5 0 0 0 0 0
fn=strncpy
0 12 2 2 4 0 0 0 0 0
fn=strnlen
0 18 1 1 6 0 0 0 0 0
fn=strpbrk
0 7 1 1 3 0 0 0 0 0
fn=strspn
0 7 1 1 3 0 0 0 0 0
fn=time
0 134 5 4 8 1 1 8 0 0
fn=trunc
0 7 1 1 3 0 0 0 0 0
fn=truncf
0 7 1 1 3 0 0 0 0 0
fn=wcschr
0 18 1 1 6 0 0 0 0 0
fn=wcscmp
0 9 1 1 3 0 0 0 0 0
fn=wcslen
0 12 2 2 4 0 0 0 0 0
fn=wcsnlen
0 12 1 1 4 0 0 0 0 0
fn=wmemchr
0 18 2 2 6 0 0 0 0 0
fn=wmemset
0 14 2 2 6 0 0 0 0 0
summary: 1296983862 1147 1093 377903392 1749 1474 156086653 1540760 1540732
